{"D:\\xampp\\htdocs\\mongez\\node\\@warlock.js\\create-warlock\\src\\index.ts": {"path":"D:\\xampp\\htdocs\\mongez\\node\\@warlock.js\\create-warlock\\src\\index.ts","statementMap":{"0":{"start":{"line":4,"column":19},"end":{"line":4,"column":null}},"1":{"start":{"line":13,"column":26},"end":{"line":13,"column":null}},"2":{"start":{"line":14,"column":32},"end":{"line":14,"column":null}},"3":{"start":{"line":16,"column":2},"end":{"line":71,"column":null}},"4":{"start":{"line":16,"column":15},"end":{"line":16,"column":18}},"5":{"start":{"line":17,"column":16},"end":{"line":17,"column":null}},"6":{"start":{"line":19,"column":4},"end":{"line":22,"column":null}},"7":{"start":{"line":20,"column":6},"end":{"line":20,"column":null}},"8":{"start":{"line":21,"column":6},"end":{"line":21,"column":null}},"9":{"start":{"line":24,"column":23},"end":{"line":24,"column":null}},"10":{"start":{"line":25,"column":10},"end":{"line":25,"column":null}},"11":{"start":{"line":26,"column":36},"end":{"line":26,"column":null}},"12":{"start":{"line":29,"column":4},"end":{"line":36,"column":null}},"13":{"start":{"line":30,"column":19},"end":{"line":30,"column":null}},"14":{"start":{"line":32,"column":6},"end":{"line":35,"column":null}},"15":{"start":{"line":33,"column":8},"end":{"line":33,"column":null}},"16":{"start":{"line":34,"column":8},"end":{"line":34,"column":null}},"17":{"start":{"line":38,"column":4},"end":{"line":70,"column":null}},"18":{"start":{"line":41,"column":8},"end":{"line":41,"column":null}},"19":{"start":{"line":42,"column":8},"end":{"line":42,"column":null}},"20":{"start":{"line":44,"column":8},"end":{"line":44,"column":null}},"21":{"start":{"line":45,"column":8},"end":{"line":45,"column":null}},"22":{"start":{"line":47,"column":8},"end":{"line":47,"column":null}},"23":{"start":{"line":48,"column":8},"end":{"line":48,"column":null}},"24":{"start":{"line":50,"column":8},"end":{"line":50,"column":null}},"25":{"start":{"line":51,"column":8},"end":{"line":51,"column":null}},"26":{"start":{"line":53,"column":8},"end":{"line":53,"column":null}},"27":{"start":{"line":54,"column":8},"end":{"line":54,"column":null}},"28":{"start":{"line":56,"column":8},"end":{"line":56,"column":null}},"29":{"start":{"line":57,"column":8},"end":{"line":57,"column":null}},"30":{"start":{"line":59,"column":8},"end":{"line":59,"column":null}},"31":{"start":{"line":60,"column":8},"end":{"line":60,"column":null}},"32":{"start":{"line":62,"column":8},"end":{"line":62,"column":null}},"33":{"start":{"line":63,"column":8},"end":{"line":63,"column":null}},"34":{"start":{"line":65,"column":8},"end":{"line":65,"column":null}},"35":{"start":{"line":66,"column":8},"end":{"line":66,"column":null}},"36":{"start":{"line":68,"column":8},"end":{"line":68,"column":null}},"37":{"start":{"line":69,"column":8},"end":{"line":69,"column":null}},"38":{"start":{"line":73,"column":2},"end":{"line":75,"column":null}},"39":{"start":{"line":74,"column":4},"end":{"line":74,"column":null}},"40":{"start":{"line":77,"column":2},"end":{"line":77,"column":null}},"41":{"start":{"line":81,"column":2},"end":{"line":81,"column":null}},"42":{"start":{"line":81,"column":14},"end":{"line":81,"column":null}},"43":{"start":{"line":83,"column":2},"end":{"line":86,"column":null}},"44":{"start":{"line":85,"column":17},"end":{"line":85,"column":28}},"45":{"start":{"line":90,"column":16},"end":{"line":90,"column":null}},"46":{"start":{"line":92,"column":2},"end":{"line":92,"column":null}}},"fnMap":{"0":{"name":"parseFlags","decl":{"start":{"line":12,"column":16},"end":{"line":12,"column":27}},"loc":{"start":{"line":12,"column":53},"end":{"line":78,"column":null}},"line":12},"1":{"name":"splitList","decl":{"start":{"line":80,"column":9},"end":{"line":80,"column":19}},"loc":{"start":{"line":80,"column":56},"end":{"line":87,"column":null}},"line":80},"2":{"name":"(anonymous_2)","decl":{"start":{"line":85,"column":5},"end":{"line":85,"column":9}},"loc":{"start":{"line":85,"column":17},"end":{"line":85,"column":28}},"line":85},"3":{"name":"createApp","decl":{"start":{"line":89,"column":24},"end":{"line":89,"column":36}},"loc":{"start":{"line":89,"column":36},"end":{"line":93,"column":null}},"line":89}},"branchMap":{"0":{"loc":{"start":{"line":19,"column":4},"end":{"line":22,"column":null}},"type":"if","locations":[{"start":{"line":19,"column":4},"end":{"line":22,"column":null}},{"start":{},"end":{}}],"line":19},"1":{"loc":{"start":{"line":25,"column":17},"end":{"line":25,"column":69}},"type":"cond-expr","locations":[{"start":{"line":25,"column":37},"end":{"line":25,"column":43}},{"start":{"line":25,"column":43},"end":{"line":25,"column":69}}],"line":25},"2":{"loc":{"start":{"line":26,"column":36},"end":{"line":26,"column":null}},"type":"cond-expr","locations":[{"start":{"line":26,"column":56},"end":{"line":26,"column":68}},{"start":{"line":26,"column":68},"end":{"line":26,"column":null}}],"line":26},"3":{"loc":{"start":{"line":29,"column":4},"end":{"line":36,"column":null}},"type":"if","locations":[{"start":{"line":29,"column":4},"end":{"line":36,"column":null}},{"start":{},"end":{}}],"line":29},"4":{"loc":{"start":{"line":29,"column":8},"end":{"line":29,"column":57}},"type":"binary-expr","locations":[{"start":{"line":29,"column":8},"end":{"line":29,"column":36}},{"start":{"line":29,"column":36},"end":{"line":29,"column":57}}],"line":29},"5":{"loc":{"start":{"line":32,"column":6},"end":{"line":35,"column":null}},"type":"if","locations":[{"start":{"line":32,"column":6},"end":{"line":35,"column":null}},{"start":{},"end":{}}],"line":32},"6":{"loc":{"start":{"line":32,"column":10},"end":{"line":32,"column":41}},"type":"binary-expr","locations":[{"start":{"line":32,"column":10},"end":{"line":32,"column":18}},{"start":{"line":32,"column":18},"end":{"line":32,"column":41}}],"line":32},"7":{"loc":{"start":{"line":38,"column":4},"end":{"line":70,"column":null}},"type":"switch","locations":[{"start":{"line":39,"column":6},"end":{"line":39,"column":null}},{"start":{"line":40,"column":6},"end":{"line":42,"column":null}},{"start":{"line":43,"column":6},"end":{"line":45,"column":null}},{"start":{"line":46,"column":6},"end":{"line":48,"column":null}},{"start":{"line":49,"column":6},"end":{"line":51,"column":null}},{"start":{"line":52,"column":6},"end":{"line":54,"column":null}},{"start":{"line":55,"column":6},"end":{"line":57,"column":null}},{"start":{"line":58,"column":6},"end":{"line":60,"column":null}},{"start":{"line":61,"column":6},"end":{"line":63,"column":null}},{"start":{"line":64,"column":6},"end":{"line":66,"column":null}},{"start":{"line":67,"column":6},"end":{"line":69,"column":null}}],"line":38},"8":{"loc":{"start":{"line":73,"column":2},"end":{"line":75,"column":null}},"type":"if","locations":[{"start":{"line":73,"column":2},"end":{"line":75,"column":null}},{"start":{},"end":{}}],"line":73},"9":{"loc":{"start":{"line":73,"column":6},"end":{"line":73,"column":45}},"type":"binary-expr","locations":[{"start":{"line":73,"column":6},"end":{"line":73,"column":21}},{"start":{"line":73,"column":21},"end":{"line":73,"column":45}}],"line":73},"10":{"loc":{"start":{"line":81,"column":2},"end":{"line":81,"column":null}},"type":"if","locations":[{"start":{"line":81,"column":2},"end":{"line":81,"column":null}},{"start":{},"end":{}}],"line":81}},"s":{"0":2,"1":25,"2":25,"3":25,"4":25,"5":59,"6":59,"7":23,"8":23,"9":36,"10":36,"11":59,"12":59,"13":8,"14":8,"15":4,"16":4,"17":36,"18":5,"19":5,"20":0,"21":0,"22":3,"23":3,"24":3,"25":3,"26":1,"27":1,"28":3,"29":3,"30":9,"31":9,"32":4,"33":4,"34":4,"35":4,"36":3,"37":3,"38":25,"39":20,"40":25,"41":7,"42":2,"43":5,"44":12,"45":3,"46":3},"f":{"0":25,"1":7,"2":12,"3":3},"b":{"0":[23,36],"1":[21,15],"2":[21,15],"3":[8,51],"4":[59,23],"5":[4,4],"6":[8,6],"7":[3,5,0,3,3,1,3,9,4,4,3],"8":[20,5],"9":[25,23],"10":[2,5]},"meta":{"lastBranch":11,"lastFunction":4,"lastStatement":47,"seen":{"s:4:19:4:Infinity":0,"f:12:16:12:27":0,"s:13:26:13:Infinity":1,"s:14:32:14:Infinity":2,"s:16:2:71:Infinity":3,"s:16:15:16:18":4,"s:17:16:17:Infinity":5,"b:19:4:22:Infinity:undefined:undefined:undefined:undefined":0,"s:19:4:22:Infinity":6,"s:20:6:20:Infinity":7,"s:21:6:21:Infinity":8,"s:24:23:24:Infinity":9,"s:25:10:25:Infinity":10,"b:25:37:25:43:25:43:25:69":1,"s:26:36:26:Infinity":11,"b:26:56:26:68:26:68:26:Infinity":2,"b:29:4:36:Infinity:undefined:undefined:undefined:undefined":3,"s:29:4:36:Infinity":12,"b:29:8:29:36:29:36:29:57":4,"s:30:19:30:Infinity":13,"b:32:6:35:Infinity:undefined:undefined:undefined:undefined":5,"s:32:6:35:Infinity":14,"b:32:10:32:18:32:18:32:41":6,"s:33:8:33:Infinity":15,"s:34:8:34:Infinity":16,"b:39:6:39:Infinity:40:6:42:Infinity:43:6:45:Infinity:46:6:48:Infinity:49:6:51:Infinity:52:6:54:Infinity:55:6:57:Infinity:58:6:60:Infinity:61:6:63:Infinity:64:6:66:Infinity:67:6:69:Infinity":7,"s:38:4:70:Infinity":17,"s:41:8:41:Infinity":18,"s:42:8:42:Infinity":19,"s:44:8:44:Infinity":20,"s:45:8:45:Infinity":21,"s:47:8:47:Infinity":22,"s:48:8:48:Infinity":23,"s:50:8:50:Infinity":24,"s:51:8:51:Infinity":25,"s:53:8:53:Infinity":26,"s:54:8:54:Infinity":27,"s:56:8:56:Infinity":28,"s:57:8:57:Infinity":29,"s:59:8:59:Infinity":30,"s:60:8:60:Infinity":31,"s:62:8:62:Infinity":32,"s:63:8:63:Infinity":33,"s:65:8:65:Infinity":34,"s:66:8:66:Infinity":35,"s:68:8:68:Infinity":36,"s:69:8:69:Infinity":37,"b:73:2:75:Infinity:undefined:undefined:undefined:undefined":8,"s:73:2:75:Infinity":38,"b:73:6:73:21:73:21:73:45":9,"s:74:4:74:Infinity":39,"s:77:2:77:Infinity":40,"f:80:9:80:19":1,"b:81:2:81:Infinity:undefined:undefined:undefined:undefined":10,"s:81:2:81:Infinity":41,"s:81:14:81:Infinity":42,"s:83:2:86:Infinity":43,"f:85:5:85:9":2,"s:85:17:85:28":44,"f:89:24:89:36":3,"s:90:16:90:Infinity":45,"s:92:2:92:Infinity":46}}}
,"D:\\xampp\\htdocs\\mongez\\node\\@warlock.js\\create-warlock\\src\\commands\\create-new-app\\get-app-path.ts": {"path":"D:\\xampp\\htdocs\\mongez\\node\\@warlock.js\\create-warlock\\src\\commands\\create-new-app\\get-app-path.ts","statementMap":{"0":{"start":{"line":6,"column":26},"end":{"line":6,"column":null}},"1":{"start":{"line":8,"column":2},"end":{"line":18,"column":null}},"2":{"start":{"line":9,"column":4},"end":{"line":15,"column":null}},"3":{"start":{"line":17,"column":4},"end":{"line":17,"column":null}},"4":{"start":{"line":20,"column":2},"end":{"line":20,"column":null}}},"fnMap":{"0":{"name":"getAppPath","decl":{"start":{"line":5,"column":24},"end":{"line":5,"column":35}},"loc":{"start":{"line":5,"column":52},"end":{"line":21,"column":null}},"line":5}},"branchMap":{"0":{"loc":{"start":{"line":8,"column":2},"end":{"line":18,"column":null}},"type":"if","locations":[{"start":{"line":8,"column":2},"end":{"line":18,"column":null}},{"start":{},"end":{}}],"line":8}},"s":{"0":4,"1":4,"2":2,"3":2,"4":2},"f":{"0":4},"b":{"0":[2,2]},"meta":{"lastBranch":1,"lastFunction":1,"lastStatement":5,"seen":{"f:5:24:5:35":0,"s:6:26:6:Infinity":0,"b:8:2:18:Infinity:undefined:undefined:undefined:undefined":0,"s:8:2:18:Infinity":1,"s:9:4:15:Infinity":2,"s:17:4:17:Infinity":3,"s:20:2:20:Infinity":4}}}
,"D:\\xampp\\htdocs\\mongez\\node\\@warlock.js\\create-warlock\\src\\commands\\create-new-app\\index.ts": {"path":"D:\\xampp\\htdocs\\mongez\\node\\@warlock.js\\create-warlock\\src\\commands\\create-new-app\\index.ts","statementMap":{"0":{"start":{"line":37,"column":8},"end":{"line":37,"column":null}},"1":{"start":{"line":40,"column":8},"end":{"line":40,"column":null}},"2":{"start":{"line":41,"column":31},"end":{"line":41,"column":null}},"3":{"start":{"line":44,"column":2},"end":{"line":44,"column":null}},"4":{"start":{"line":46,"column":2},"end":{"line":46,"column":null}},"5":{"start":{"line":49,"column":18},"end":{"line":49,"column":null}},"6":{"start":{"line":50,"column":2},"end":{"line":53,"column":null}},"7":{"start":{"line":51,"column":4},"end":{"line":51,"column":null}},"8":{"start":{"line":52,"column":4},"end":{"line":52,"column":null}},"9":{"start":{"line":56,"column":2},"end":{"line":59,"column":null}},"10":{"start":{"line":57,"column":4},"end":{"line":57,"column":null}},"11":{"start":{"line":58,"column":4},"end":{"line":58,"column":null}},"12":{"start":{"line":62,"column":18},"end":{"line":65,"column":null}},"13":{"start":{"line":67,"column":2},"end":{"line":70,"column":null}},"14":{"start":{"line":68,"column":4},"end":{"line":68,"column":null}},"15":{"start":{"line":69,"column":4},"end":{"line":69,"column":null}},"16":{"start":{"line":72,"column":8},"end":{"line":72,"column":null}},"17":{"start":{"line":73,"column":2},"end":{"line":73,"column":null}},"18":{"start":{"line":73,"column":16},"end":{"line":73,"column":null}},"19":{"start":{"line":76,"column":2},"end":{"line":76,"column":null}},"20":{"start":{"line":78,"column":25},"end":{"line":85,"column":null}},"21":{"start":{"line":80,"column":51},"end":{"line":83,"column":6}},"22":{"start":{"line":87,"column":2},"end":{"line":90,"column":null}},"23":{"start":{"line":88,"column":4},"end":{"line":88,"column":null}},"24":{"start":{"line":89,"column":4},"end":{"line":89,"column":null}},"25":{"start":{"line":92,"column":2},"end":{"line":92,"column":null}},"26":{"start":{"line":95,"column":25},"end":{"line":98,"column":null}},"27":{"start":{"line":100,"column":2},"end":{"line":103,"column":null}},"28":{"start":{"line":101,"column":4},"end":{"line":101,"column":null}},"29":{"start":{"line":102,"column":4},"end":{"line":102,"column":null}},"30":{"start":{"line":105,"column":8},"end":{"line":105,"column":null}},"31":{"start":{"line":108,"column":27},"end":{"line":113,"column":null}},"32":{"start":{"line":115,"column":2},"end":{"line":118,"column":null}},"33":{"start":{"line":116,"column":4},"end":{"line":116,"column":null}},"34":{"start":{"line":117,"column":4},"end":{"line":117,"column":null}},"35":{"start":{"line":121,"column":30},"end":{"line":125,"column":null}},"36":{"start":{"line":127,"column":2},"end":{"line":130,"column":null}},"37":{"start":{"line":128,"column":4},"end":{"line":128,"column":null}},"38":{"start":{"line":129,"column":4},"end":{"line":129,"column":null}},"39":{"start":{"line":134,"column":5},"end":{"line":136,"column":null}},"40":{"start":{"line":138,"column":2},"end":{"line":141,"column":null}},"41":{"start":{"line":139,"column":4},"end":{"line":139,"column":null}},"42":{"start":{"line":140,"column":4},"end":{"line":140,"column":null}},"43":{"start":{"line":145,"column":5},"end":{"line":147,"column":null}},"44":{"start":{"line":149,"column":2},"end":{"line":152,"column":null}},"45":{"start":{"line":150,"column":4},"end":{"line":150,"column":null}},"46":{"start":{"line":151,"column":4},"end":{"line":151,"column":null}},"47":{"start":{"line":155,"column":40},"end":{"line":168,"column":null}},"48":{"start":{"line":171,"column":2},"end":{"line":171,"column":null}},"49":{"start":{"line":180,"column":8},"end":{"line":180,"column":null}},"50":{"start":{"line":182,"column":2},"end":{"line":185,"column":null}},"51":{"start":{"line":183,"column":4},"end":{"line":183,"column":null}},"52":{"start":{"line":184,"column":4},"end":{"line":184,"column":null}},"53":{"start":{"line":187,"column":8},"end":{"line":187,"column":null}},"54":{"start":{"line":189,"column":2},"end":{"line":189,"column":null}},"55":{"start":{"line":189,"column":16},"end":{"line":189,"column":null}},"56":{"start":{"line":191,"column":2},"end":{"line":191,"column":null}},"57":{"start":{"line":193,"column":25},"end":{"line":193,"column":null}},"58":{"start":{"line":194,"column":2},"end":{"line":194,"column":null}},"59":{"start":{"line":196,"column":25},"end":{"line":196,"column":null}},"60":{"start":{"line":197,"column":8},"end":{"line":197,"column":null}},"61":{"start":{"line":199,"column":2},"end":{"line":202,"column":null}},"62":{"start":{"line":200,"column":4},"end":{"line":200,"column":null}},"63":{"start":{"line":201,"column":4},"end":{"line":201,"column":null}},"64":{"start":{"line":204,"column":19},"end":{"line":204,"column":null}},"65":{"start":{"line":205,"column":22},"end":{"line":205,"column":null}},"66":{"start":{"line":207,"column":8},"end":{"line":207,"column":null}},"67":{"start":{"line":208,"column":22},"end":{"line":208,"column":null}},"68":{"start":{"line":208,"column":66},"end":{"line":208,"column":92}},"69":{"start":{"line":210,"column":2},"end":{"line":213,"column":null}},"70":{"start":{"line":211,"column":4},"end":{"line":211,"column":null}},"71":{"start":{"line":212,"column":4},"end":{"line":212,"column":null}},"72":{"start":{"line":215,"column":40},"end":{"line":228,"column":null}},"73":{"start":{"line":230,"column":2},"end":{"line":230,"column":null}}},"fnMap":{"0":{"name":"createNewApp","decl":{"start":{"line":35,"column":30},"end":{"line":35,"column":43}},"loc":{"start":{"line":35,"column":63},"end":{"line":172,"column":null}},"line":35},"1":{"name":"(anonymous_1)","decl":{"start":{"line":80,"column":40},"end":{"line":80,"column":44}},"loc":{"start":{"line":80,"column":51},"end":{"line":83,"column":6}},"line":80},"2":{"name":"createNonInteractive","decl":{"start":{"line":179,"column":15},"end":{"line":179,"column":36}},"loc":{"start":{"line":179,"column":51},"end":{"line":231,"column":null}},"line":179},"3":{"name":"(anonymous_3)","decl":{"start":{"line":208,"column":52},"end":{"line":208,"column":59}},"loc":{"start":{"line":208,"column":66},"end":{"line":208,"column":92}},"line":208}},"branchMap":{"0":{"loc":{"start":{"line":35,"column":43},"end":{"line":35,"column":63}},"type":"default-arg","locations":[{"start":{"line":35,"column":59},"end":{"line":35,"column":63}}],"line":35},"1":{"loc":{"start":{"line":50,"column":2},"end":{"line":53,"column":null}},"type":"if","locations":[{"start":{"line":50,"column":2},"end":{"line":53,"column":null}},{"start":{},"end":{}}],"line":50},"2":{"loc":{"start":{"line":56,"column":2},"end":{"line":59,"column":null}},"type":"if","locations":[{"start":{"line":56,"column":2},"end":{"line":59,"column":null}},{"start":{},"end":{}}],"line":56},"3":{"loc":{"start":{"line":67,"column":2},"end":{"line":70,"column":null}},"type":"if","locations":[{"start":{"line":67,"column":2},"end":{"line":70,"column":null}},{"start":{},"end":{}}],"line":67},"4":{"loc":{"start":{"line":67,"column":2},"end":{"line":67,"column":44}},"type":"binary-expr","locations":[{"start":{"line":67,"column":2},"end":{"line":67,"column":27}},{"start":{"line":67,"column":27},"end":{"line":67,"column":44}}],"line":67},"5":{"loc":{"start":{"line":73,"column":2},"end":{"line":73,"column":null}},"type":"if","locations":[{"start":{"line":73,"column":2},"end":{"line":73,"column":null}},{"start":{},"end":{}}],"line":73},"6":{"loc":{"start":{"line":87,"column":2},"end":{"line":90,"column":null}},"type":"if","locations":[{"start":{"line":87,"column":2},"end":{"line":90,"column":null}},{"start":{},"end":{}}],"line":87},"7":{"loc":{"start":{"line":100,"column":2},"end":{"line":103,"column":null}},"type":"if","locations":[{"start":{"line":100,"column":2},"end":{"line":103,"column":null}},{"start":{},"end":{}}],"line":100},"8":{"loc":{"start":{"line":115,"column":2},"end":{"line":118,"column":null}},"type":"if","locations":[{"start":{"line":115,"column":2},"end":{"line":118,"column":null}},{"start":{},"end":{}}],"line":115},"9":{"loc":{"start":{"line":127,"column":2},"end":{"line":130,"column":null}},"type":"if","locations":[{"start":{"line":127,"column":2},"end":{"line":130,"column":null}},{"start":{},"end":{}}],"line":127},"10":{"loc":{"start":{"line":138,"column":2},"end":{"line":141,"column":null}},"type":"if","locations":[{"start":{"line":138,"column":2},"end":{"line":141,"column":null}},{"start":{},"end":{}}],"line":138},"11":{"loc":{"start":{"line":149,"column":2},"end":{"line":152,"column":null}},"type":"if","locations":[{"start":{"line":149,"column":2},"end":{"line":152,"column":null}},{"start":{},"end":{}}],"line":149},"12":{"loc":{"start":{"line":162,"column":20},"end":{"line":162,"column":null}},"type":"binary-expr","locations":[{"start":{"line":162,"column":20},"end":{"line":162,"column":51}},{"start":{"line":162,"column":51},"end":{"line":162,"column":null}}],"line":162},"13":{"loc":{"start":{"line":180,"column":19},"end":{"line":180,"column":35}},"type":"binary-expr","locations":[{"start":{"line":180,"column":19},"end":{"line":180,"column":31}},{"start":{"line":180,"column":31},"end":{"line":180,"column":35}}],"line":180},"14":{"loc":{"start":{"line":182,"column":2},"end":{"line":185,"column":null}},"type":"if","locations":[{"start":{"line":182,"column":2},"end":{"line":185,"column":null}},{"start":{},"end":{}}],"line":182},"15":{"loc":{"start":{"line":189,"column":2},"end":{"line":189,"column":null}},"type":"if","locations":[{"start":{"line":189,"column":2},"end":{"line":189,"column":null}},{"start":{},"end":{}}],"line":189},"16":{"loc":{"start":{"line":193,"column":25},"end":{"line":193,"column":null}},"type":"binary-expr","locations":[{"start":{"line":193,"column":25},"end":{"line":193,"column":35}},{"start":{"line":193,"column":29},"end":{"line":193,"column":null}}],"line":193},"17":{"loc":{"start":{"line":196,"column":25},"end":{"line":196,"column":null}},"type":"binary-expr","locations":[{"start":{"line":196,"column":25},"end":{"line":196,"column":35}},{"start":{"line":196,"column":35},"end":{"line":196,"column":null}}],"line":196},"18":{"loc":{"start":{"line":199,"column":2},"end":{"line":202,"column":null}},"type":"if","locations":[{"start":{"line":199,"column":2},"end":{"line":202,"column":null}},{"start":{},"end":{}}],"line":199},"19":{"loc":{"start":{"line":204,"column":19},"end":{"line":204,"column":null}},"type":"binary-expr","locations":[{"start":{"line":204,"column":19},"end":{"line":204,"column":35}},{"start":{"line":204,"column":35},"end":{"line":204,"column":null}}],"line":204},"20":{"loc":{"start":{"line":205,"column":22},"end":{"line":205,"column":null}},"type":"binary-expr","locations":[{"start":{"line":205,"column":22},"end":{"line":205,"column":32}},{"start":{"line":205,"column":32},"end":{"line":205,"column":null}}],"line":205},"21":{"loc":{"start":{"line":210,"column":2},"end":{"line":213,"column":null}},"type":"if","locations":[{"start":{"line":210,"column":2},"end":{"line":213,"column":null}},{"start":{},"end":{}}],"line":210},"22":{"loc":{"start":{"line":225,"column":14},"end":{"line":225,"column":null}},"type":"binary-expr","locations":[{"start":{"line":225,"column":14},"end":{"line":225,"column":25}},{"start":{"line":225,"column":25},"end":{"line":225,"column":null}}],"line":225},"23":{"loc":{"start":{"line":226,"column":14},"end":{"line":226,"column":null}},"type":"binary-expr","locations":[{"start":{"line":226,"column":14},"end":{"line":226,"column":25}},{"start":{"line":226,"column":25},"end":{"line":226,"column":null}}],"line":226}},"s":{"0":29,"1":29,"2":29,"3":29,"4":29,"5":29,"6":29,"7":1,"8":1,"9":28,"10":10,"11":6,"12":18,"13":18,"14":2,"15":2,"16":16,"17":16,"18":1,"19":15,"20":15,"21":45,"22":15,"23":1,"24":1,"25":14,"26":14,"27":14,"28":1,"29":1,"30":13,"31":13,"32":13,"33":1,"34":1,"35":12,"36":12,"37":1,"38":1,"39":11,"40":11,"41":0,"42":0,"43":11,"44":11,"45":0,"46":0,"47":11,"48":29,"49":10,"50":10,"51":2,"52":2,"53":8,"54":8,"55":1,"56":7,"57":7,"58":10,"59":10,"60":10,"61":10,"62":1,"63":1,"64":6,"65":10,"66":10,"67":10,"68":17,"69":10,"70":1,"71":1,"72":5,"73":10},"f":{"0":29,"1":45,"2":10,"3":17},"b":{"0":[29],"1":[1,28],"2":[10,18],"3":[2,16],"4":[18,17],"5":[1,15],"6":[1,14],"7":[1,13],"8":[1,12],"9":[1,11],"10":[0,11],"11":[0,11],"12":[11,0],"13":[10,1],"14":[2,8],"15":[1,7],"16":[7,6],"17":[10,4],"18":[1,9],"19":[6,3],"20":[10,3],"21":[1,9],"22":[5,4],"23":[10,4]},"meta":{"lastBranch":24,"lastFunction":4,"lastStatement":74,"seen":{"f:35:30:35:43":0,"b:35:59:35:63":0,"s:37:8:37:Infinity":0,"s:40:8:40:Infinity":1,"s:41:31:41:Infinity":2,"s:44:2:44:Infinity":3,"s:46:2:46:Infinity":4,"s:49:18:49:Infinity":5,"b:50:2:53:Infinity:undefined:undefined:undefined:undefined":1,"s:50:2:53:Infinity":6,"s:51:4:51:Infinity":7,"s:52:4:52:Infinity":8,"b:56:2:59:Infinity:undefined:undefined:undefined:undefined":2,"s:56:2:59:Infinity":9,"s:57:4:57:Infinity":10,"s:58:4:58:Infinity":11,"s:62:18:65:Infinity":12,"b:67:2:70:Infinity:undefined:undefined:undefined:undefined":3,"s:67:2:70:Infinity":13,"b:67:2:67:27:67:27:67:44":4,"s:68:4:68:Infinity":14,"s:69:4:69:Infinity":15,"s:72:8:72:Infinity":16,"b:73:2:73:Infinity:undefined:undefined:undefined:undefined":5,"s:73:2:73:Infinity":17,"s:73:16:73:Infinity":18,"s:76:2:76:Infinity":19,"s:78:25:85:Infinity":20,"f:80:40:80:44":1,"s:80:51:83:6":21,"b:87:2:90:Infinity:undefined:undefined:undefined:undefined":6,"s:87:2:90:Infinity":22,"s:88:4:88:Infinity":23,"s:89:4:89:Infinity":24,"s:92:2:92:Infinity":25,"s:95:25:98:Infinity":26,"b:100:2:103:Infinity:undefined:undefined:undefined:undefined":7,"s:100:2:103:Infinity":27,"s:101:4:101:Infinity":28,"s:102:4:102:Infinity":29,"s:105:8:105:Infinity":30,"s:108:27:113:Infinity":31,"b:115:2:118:Infinity:undefined:undefined:undefined:undefined":8,"s:115:2:118:Infinity":32,"s:116:4:116:Infinity":33,"s:117:4:117:Infinity":34,"s:121:30:125:Infinity":35,"b:127:2:130:Infinity:undefined:undefined:undefined:undefined":9,"s:127:2:130:Infinity":36,"s:128:4:128:Infinity":37,"s:129:4:129:Infinity":38,"s:134:5:136:Infinity":39,"b:138:2:141:Infinity:undefined:undefined:undefined:undefined":10,"s:138:2:141:Infinity":40,"s:139:4:139:Infinity":41,"s:140:4:140:Infinity":42,"s:145:5:147:Infinity":43,"b:149:2:152:Infinity:undefined:undefined:undefined:undefined":11,"s:149:2:152:Infinity":44,"s:150:4:150:Infinity":45,"s:151:4:151:Infinity":46,"s:155:40:168:Infinity":47,"b:162:20:162:51:162:51:162:Infinity":12,"s:171:2:171:Infinity":48,"f:179:15:179:36":2,"s:180:8:180:Infinity":49,"b:180:19:180:31:180:31:180:35":13,"b:182:2:185:Infinity:undefined:undefined:undefined:undefined":14,"s:182:2:185:Infinity":50,"s:183:4:183:Infinity":51,"s:184:4:184:Infinity":52,"s:187:8:187:Infinity":53,"b:189:2:189:Infinity:undefined:undefined:undefined:undefined":15,"s:189:2:189:Infinity":54,"s:189:16:189:Infinity":55,"s:191:2:191:Infinity":56,"s:193:25:193:Infinity":57,"b:193:25:193:35:193:29:193:Infinity":16,"s:194:2:194:Infinity":58,"s:196:25:196:Infinity":59,"b:196:25:196:35:196:35:196:Infinity":17,"s:197:8:197:Infinity":60,"b:199:2:202:Infinity:undefined:undefined:undefined:undefined":18,"s:199:2:202:Infinity":61,"s:200:4:200:Infinity":62,"s:201:4:201:Infinity":63,"s:204:19:204:Infinity":64,"b:204:19:204:35:204:35:204:Infinity":19,"s:205:22:205:Infinity":65,"b:205:22:205:32:205:32:205:Infinity":20,"s:207:8:207:Infinity":66,"s:208:22:208:Infinity":67,"f:208:52:208:59":3,"s:208:66:208:92":68,"b:210:2:213:Infinity:undefined:undefined:undefined:undefined":21,"s:210:2:213:Infinity":69,"s:211:4:211:Infinity":70,"s:212:4:212:Infinity":71,"s:215:40:228:Infinity":72,"b:225:14:225:25:225:25:225:Infinity":22,"b:226:14:226:25:226:25:226:Infinity":23,"s:230:2:230:Infinity":73}}}
,"D:\\xampp\\htdocs\\mongez\\node\\@warlock.js\\create-warlock\\src\\commands\\create-warlock-app\\index.ts": {"path":"D:\\xampp\\htdocs\\mongez\\node\\@warlock.js\\create-warlock\\src\\commands\\create-warlock-app\\index.ts","statementMap":{"0":{"start":{"line":11,"column":18},"end":{"line":11,"column":null}},"1":{"start":{"line":12,"column":68},"end":{"line":12,"column":null}},"2":{"start":{"line":15,"column":8},"end":{"line":15,"column":null}},"3":{"start":{"line":16,"column":2},"end":{"line":16,"column":null}},"4":{"start":{"line":18,"column":2},"end":{"line":23,"column":null}},"5":{"start":{"line":25,"column":2},"end":{"line":25,"column":null}},"6":{"start":{"line":28,"column":8},"end":{"line":28,"column":null}},"7":{"start":{"line":29,"column":2},"end":{"line":29,"column":null}},"8":{"start":{"line":31,"column":2},"end":{"line":31,"column":null}},"9":{"start":{"line":33,"column":2},"end":{"line":33,"column":null}},"10":{"start":{"line":38,"column":27},"end":{"line":38,"column":null}},"11":{"start":{"line":40,"column":2},"end":{"line":52,"column":null}},"12":{"start":{"line":41,"column":10},"end":{"line":41,"column":null}},"13":{"start":{"line":42,"column":4},"end":{"line":42,"column":null}},"14":{"start":{"line":44,"column":18},"end":{"line":44,"column":null}},"15":{"start":{"line":46,"column":4},"end":{"line":51,"column":null}},"16":{"start":{"line":47,"column":6},"end":{"line":47,"column":null}},"17":{"start":{"line":48,"column":6},"end":{"line":48,"column":null}},"18":{"start":{"line":50,"column":6},"end":{"line":50,"column":null}},"19":{"start":{"line":55,"column":2},"end":{"line":62,"column":null}},"20":{"start":{"line":56,"column":10},"end":{"line":56,"column":null}},"21":{"start":{"line":57,"column":4},"end":{"line":57,"column":null}},"22":{"start":{"line":59,"column":4},"end":{"line":59,"column":null}},"23":{"start":{"line":61,"column":4},"end":{"line":61,"column":null}},"24":{"start":{"line":65,"column":2},"end":{"line":79,"column":null}},"25":{"start":{"line":66,"column":10},"end":{"line":66,"column":null}},"26":{"start":{"line":67,"column":4},"end":{"line":67,"column":null}},"27":{"start":{"line":69,"column":4},"end":{"line":69,"column":null}},"28":{"start":{"line":71,"column":4},"end":{"line":71,"column":null}},"29":{"start":{"line":73,"column":10},"end":{"line":73,"column":null}},"30":{"start":{"line":74,"column":4},"end":{"line":74,"column":null}},"31":{"start":{"line":76,"column":4},"end":{"line":76,"column":null}},"32":{"start":{"line":78,"column":4},"end":{"line":78,"column":null}},"33":{"start":{"line":82,"column":2},"end":{"line":87,"column":null}}},"fnMap":{"0":{"name":"createWarlockApp","decl":{"start":{"line":10,"column":22},"end":{"line":10,"column":39}},"loc":{"start":{"line":10,"column":57},"end":{"line":88,"column":null}},"line":10}},"branchMap":{"0":{"loc":{"start":{"line":40,"column":2},"end":{"line":52,"column":null}},"type":"if","locations":[{"start":{"line":40,"column":2},"end":{"line":52,"column":null}},{"start":{},"end":{}}],"line":40},"1":{"loc":{"start":{"line":46,"column":4},"end":{"line":51,"column":null}},"type":"if","locations":[{"start":{"line":46,"column":4},"end":{"line":51,"column":null}},{"start":{"line":49,"column":11},"end":{"line":51,"column":null}}],"line":46},"2":{"loc":{"start":{"line":55,"column":2},"end":{"line":62,"column":null}},"type":"if","locations":[{"start":{"line":55,"column":2},"end":{"line":62,"column":null}},{"start":{},"end":{}}],"line":55},"3":{"loc":{"start":{"line":65,"column":2},"end":{"line":79,"column":null}},"type":"if","locations":[{"start":{"line":65,"column":2},"end":{"line":79,"column":null}},{"start":{"line":72,"column":9},"end":{"line":79,"column":null}}],"line":65},"4":{"loc":{"start":{"line":84,"column":14},"end":{"line":84,"column":null}},"type":"cond-expr","locations":[{"start":{"line":84,"column":45},"end":{"line":84,"column":57}},{"start":{"line":84,"column":57},"end":{"line":84,"column":null}}],"line":84}},"s":{"0":14,"1":14,"2":14,"3":14,"4":14,"5":14,"6":14,"7":14,"8":14,"9":14,"10":14,"11":14,"12":14,"13":14,"14":14,"15":14,"16":13,"17":13,"18":1,"19":14,"20":2,"21":2,"22":2,"23":2,"24":14,"25":2,"26":2,"27":2,"28":2,"29":12,"30":12,"31":12,"32":12,"33":14},"f":{"0":14},"b":{"0":[14,0],"1":[13,1],"2":[2,12],"3":[2,12],"4":[11,3]},"meta":{"lastBranch":5,"lastFunction":1,"lastStatement":34,"seen":{"f:10:22:10:39":0,"s:11:18:11:Infinity":0,"s:12:68:12:Infinity":1,"s:15:8:15:Infinity":2,"s:16:2:16:Infinity":3,"s:18:2:23:Infinity":4,"s:25:2:25:Infinity":5,"s:28:8:28:Infinity":6,"s:29:2:29:Infinity":7,"s:31:2:31:Infinity":8,"s:33:2:33:Infinity":9,"s:38:27:38:Infinity":10,"b:40:2:52:Infinity:undefined:undefined:undefined:undefined":0,"s:40:2:52:Infinity":11,"s:41:10:41:Infinity":12,"s:42:4:42:Infinity":13,"s:44:18:44:Infinity":14,"b:46:4:51:Infinity:49:11:51:Infinity":1,"s:46:4:51:Infinity":15,"s:47:6:47:Infinity":16,"s:48:6:48:Infinity":17,"s:50:6:50:Infinity":18,"b:55:2:62:Infinity:undefined:undefined:undefined:undefined":2,"s:55:2:62:Infinity":19,"s:56:10:56:Infinity":20,"s:57:4:57:Infinity":21,"s:59:4:59:Infinity":22,"s:61:4:61:Infinity":23,"b:65:2:79:Infinity:72:9:79:Infinity":3,"s:65:2:79:Infinity":24,"s:66:10:66:Infinity":25,"s:67:4:67:Infinity":26,"s:69:4:69:Infinity":27,"s:71:4:71:Infinity":28,"s:73:10:73:Infinity":29,"s:74:4:74:Infinity":30,"s:76:4:76:Infinity":31,"s:78:4:78:Infinity":32,"s:82:2:87:Infinity":33,"b:84:45:84:57:84:57:84:Infinity":4}}}
,"D:\\xampp\\htdocs\\mongez\\node\\@warlock.js\\create-warlock\\src\\features\\database-drivers.ts": {"path":"D:\\xampp\\htdocs\\mongez\\node\\@warlock.js\\create-warlock\\src\\features\\database-drivers.ts","statementMap":{"0":{"start":{"line":14,"column":49},"end":{"line":38,"column":null}},"1":{"start":{"line":44,"column":2},"end":{"line":49,"column":null}},"2":{"start":{"line":44,"column":40},"end":{"line":49,"column":4}},"3":{"start":{"line":56,"column":2},"end":{"line":56,"column":null}},"4":{"start":{"line":56,"column":40},"end":{"line":56,"column":62}},"5":{"start":{"line":65,"column":17},"end":{"line":65,"column":null}},"6":{"start":{"line":66,"column":2},"end":{"line":66,"column":null}},"7":{"start":{"line":66,"column":15},"end":{"line":66,"column":null}},"8":{"start":{"line":68,"column":2},"end":{"line":70,"column":null}}},"fnMap":{"0":{"name":"getDatabaseDriverOptions","decl":{"start":{"line":43,"column":16},"end":{"line":43,"column":43}},"loc":{"start":{"line":43,"column":43},"end":{"line":50,"column":null}},"line":43},"1":{"name":"(anonymous_1)","decl":{"start":{"line":44,"column":25},"end":{"line":44,"column":29}},"loc":{"start":{"line":44,"column":40},"end":{"line":49,"column":4}},"line":44},"2":{"name":"getDatabaseDriver","decl":{"start":{"line":55,"column":16},"end":{"line":55,"column":34}},"loc":{"start":{"line":55,"column":77},"end":{"line":57,"column":null}},"line":55},"3":{"name":"(anonymous_3)","decl":{"start":{"line":56,"column":25},"end":{"line":56,"column":30}},"loc":{"start":{"line":56,"column":40},"end":{"line":56,"column":62}},"line":56},"4":{"name":"getDatabaseDependency","decl":{"start":{"line":62,"column":16},"end":{"line":62,"column":null}},"loc":{"start":{"line":64,"column":26},"end":{"line":71,"column":null}},"line":64}},"branchMap":{"0":{"loc":{"start":{"line":66,"column":2},"end":{"line":66,"column":null}},"type":"if","locations":[{"start":{"line":66,"column":2},"end":{"line":66,"column":null}},{"start":{},"end":{}}],"line":66}},"s":{"0":4,"1":17,"2":51,"3":39,"4":66,"5":6,"6":6,"7":1,"8":5},"f":{"0":17,"1":51,"2":39,"3":66,"4":6},"b":{"0":[1,5]},"meta":{"lastBranch":1,"lastFunction":5,"lastStatement":9,"seen":{"s:14:49:38:Infinity":0,"f:43:16:43:43":0,"s:44:2:49:Infinity":1,"f:44:25:44:29":1,"s:44:40:49:4":2,"f:55:16:55:34":2,"s:56:2:56:Infinity":3,"f:56:25:56:30":3,"s:56:40:56:62":4,"f:62:16:62:Infinity":4,"s:65:17:65:Infinity":5,"b:66:2:66:Infinity:undefined:undefined:undefined:undefined":0,"s:66:2:66:Infinity":6,"s:66:15:66:Infinity":7,"s:68:2:70:Infinity":8}}}
,"D:\\xampp\\htdocs\\mongez\\node\\@warlock.js\\create-warlock\\src\\features\\features-map.ts": {"path":"D:\\xampp\\htdocs\\mongez\\node\\@warlock.js\\create-warlock\\src\\features\\features-map.ts","statementMap":{"0":{"start":{"line":39,"column":41},"end":{"line":132,"column":null}},"1":{"start":{"line":146,"column":47},"end":{"line":152,"column":null}},"2":{"start":{"line":159,"column":2},"end":{"line":163,"column":null}},"3":{"start":{"line":159,"column":34},"end":{"line":163,"column":4}},"4":{"start":{"line":170,"column":2},"end":{"line":170,"column":null}},"5":{"start":{"line":170,"column":36},"end":{"line":170,"column":59}},"6":{"start":{"line":170,"column":76},"end":{"line":170,"column":87}},"7":{"start":{"line":177,"column":2},"end":{"line":181,"column":null}},"8":{"start":{"line":177,"column":38},"end":{"line":181,"column":4}},"9":{"start":{"line":189,"column":2},"end":{"line":189,"column":null}},"10":{"start":{"line":189,"column":37},"end":{"line":189,"column":48}},"11":{"start":{"line":189,"column":82},"end":{"line":189,"column":94}}},"fnMap":{"0":{"name":"getFeatureOptions","decl":{"start":{"line":158,"column":16},"end":{"line":158,"column":36}},"loc":{"start":{"line":158,"column":36},"end":{"line":164,"column":null}},"line":158},"1":{"name":"(anonymous_1)","decl":{"start":{"line":159,"column":18},"end":{"line":159,"column":22}},"loc":{"start":{"line":159,"column":34},"end":{"line":163,"column":4}},"line":159},"2":{"name":"getDefaultFeatureKeys","decl":{"start":{"line":169,"column":16},"end":{"line":169,"column":50}},"loc":{"start":{"line":169,"column":50},"end":{"line":171,"column":null}},"line":169},"3":{"name":"(anonymous_3)","decl":{"start":{"line":170,"column":18},"end":{"line":170,"column":25}},"loc":{"start":{"line":170,"column":36},"end":{"line":170,"column":59}},"line":170},"4":{"name":"(anonymous_4)","decl":{"start":{"line":170,"column":61},"end":{"line":170,"column":65}},"loc":{"start":{"line":170,"column":76},"end":{"line":170,"column":87}},"line":170},"5":{"name":"getAiProviderOptions","decl":{"start":{"line":176,"column":16},"end":{"line":176,"column":39}},"loc":{"start":{"line":176,"column":39},"end":{"line":182,"column":null}},"line":176},"6":{"name":"(anonymous_6)","decl":{"start":{"line":177,"column":21},"end":{"line":177,"column":25}},"loc":{"start":{"line":177,"column":38},"end":{"line":181,"column":4}},"line":177},"7":{"name":"getAllFeatureKeys","decl":{"start":{"line":188,"column":16},"end":{"line":188,"column":46}},"loc":{"start":{"line":188,"column":46},"end":{"line":190,"column":null}},"line":188},"8":{"name":"(anonymous_8)","decl":{"start":{"line":189,"column":22},"end":{"line":189,"column":26}},"loc":{"start":{"line":189,"column":37},"end":{"line":189,"column":48}},"line":189},"9":{"name":"(anonymous_9)","decl":{"start":{"line":189,"column":66},"end":{"line":189,"column":70}},"loc":{"start":{"line":189,"column":82},"end":{"line":189,"column":94}},"line":189}},"branchMap":{},"s":{"0":3,"1":3,"2":17,"3":221,"4":15,"5":195,"6":15,"7":15,"8":75,"9":11,"10":143,"11":55},"f":{"0":17,"1":221,"2":15,"3":195,"4":15,"5":15,"6":75,"7":11,"8":143,"9":55},"b":{},"meta":{"lastBranch":0,"lastFunction":10,"lastStatement":12,"seen":{"s:39:41:132:Infinity":0,"s:146:47:152:Infinity":1,"f:158:16:158:36":0,"s:159:2:163:Infinity":2,"f:159:18:159:22":1,"s:159:34:163:4":3,"f:169:16:169:50":2,"s:170:2:170:Infinity":4,"f:170:18:170:25":3,"s:170:36:170:59":5,"f:170:61:170:65":4,"s:170:76:170:87":6,"f:176:16:176:39":5,"s:177:2:181:Infinity":7,"f:177:21:177:25":6,"s:177:38:181:4":8,"f:188:16:188:46":7,"s:189:2:189:Infinity":9,"f:189:22:189:26":8,"s:189:37:189:48":10,"f:189:66:189:70":9,"s:189:82:189:94":11}}}
,"D:\\xampp\\htdocs\\mongez\\node\\@warlock.js\\create-warlock\\src\\helpers\\app.ts": {"path":"D:\\xampp\\htdocs\\mongez\\node\\@warlock.js\\create-warlock\\src\\helpers\\app.ts","statementMap":{"0":{"start":{"line":31,"column":31},"end":{"line":31,"column":49}},"1":{"start":{"line":22,"column":49},"end":{"line":22,"column":null}},"2":{"start":{"line":27,"column":57},"end":{"line":27,"column":null}},"3":{"start":{"line":29,"column":23},"end":{"line":29,"column":null}},"4":{"start":{"line":34,"column":4},"end":{"line":34,"column":null}},"5":{"start":{"line":38,"column":4},"end":{"line":38,"column":null}},"6":{"start":{"line":40,"column":4},"end":{"line":42,"column":null}},"7":{"start":{"line":41,"column":6},"end":{"line":41,"column":null}},"8":{"start":{"line":44,"column":4},"end":{"line":44,"column":null}},"9":{"start":{"line":46,"column":4},"end":{"line":46,"column":null}},"10":{"start":{"line":50,"column":4},"end":{"line":50,"column":null}},"11":{"start":{"line":58,"column":4},"end":{"line":58,"column":null}},"12":{"start":{"line":62,"column":42},"end":{"line":62,"column":null}},"13":{"start":{"line":63,"column":4},"end":{"line":63,"column":null}},"14":{"start":{"line":67,"column":40},"end":{"line":68,"column":null}},"15":{"start":{"line":70,"column":4},"end":{"line":70,"column":null}},"16":{"start":{"line":74,"column":4},"end":{"line":77,"column":null}},"17":{"start":{"line":79,"column":4},"end":{"line":79,"column":null}},"18":{"start":{"line":89,"column":10},"end":{"line":89,"column":null}},"19":{"start":{"line":91,"column":4},"end":{"line":91,"column":null}},"20":{"start":{"line":91,"column":17},"end":{"line":91,"column":null}},"21":{"start":{"line":93,"column":8},"end":{"line":93,"column":null}},"22":{"start":{"line":95,"column":4},"end":{"line":95,"column":null}},"23":{"start":{"line":97,"column":4},"end":{"line":104,"column":null}},"24":{"start":{"line":98,"column":6},"end":{"line":98,"column":null}},"25":{"start":{"line":100,"column":6},"end":{"line":103,"column":null}},"26":{"start":{"line":106,"column":4},"end":{"line":106,"column":null}},"27":{"start":{"line":108,"column":4},"end":{"line":108,"column":null}},"28":{"start":{"line":123,"column":4},"end":{"line":123,"column":null}},"29":{"start":{"line":123,"column":31},"end":{"line":123,"column":null}},"30":{"start":{"line":125,"column":4},"end":{"line":125,"column":null}},"31":{"start":{"line":132,"column":4},"end":{"line":132,"column":null}},"32":{"start":{"line":136,"column":4},"end":{"line":136,"column":null}},"33":{"start":{"line":138,"column":4},"end":{"line":138,"column":null}},"34":{"start":{"line":145,"column":4},"end":{"line":145,"column":null}},"35":{"start":{"line":149,"column":4},"end":{"line":149,"column":null}},"36":{"start":{"line":153,"column":4},"end":{"line":153,"column":null}},"37":{"start":{"line":157,"column":21},"end":{"line":157,"column":null}},"38":{"start":{"line":159,"column":4},"end":{"line":161,"column":null}},"39":{"start":{"line":160,"column":6},"end":{"line":160,"column":null}},"40":{"start":{"line":163,"column":4},"end":{"line":163,"column":null}},"41":{"start":{"line":167,"column":21},"end":{"line":167,"column":null}},"42":{"start":{"line":169,"column":4},"end":{"line":171,"column":null}},"43":{"start":{"line":170,"column":6},"end":{"line":170,"column":null}},"44":{"start":{"line":173,"column":4},"end":{"line":173,"column":null}},"45":{"start":{"line":178,"column":2},"end":{"line":178,"column":null}},"46":{"start":{"line":183,"column":31},"end":{"line":183,"column":49}},"47":{"start":{"line":184,"column":4},"end":{"line":184,"column":null}},"48":{"start":{"line":188,"column":4},"end":{"line":188,"column":null}},"49":{"start":{"line":192,"column":4},"end":{"line":192,"column":null}},"50":{"start":{"line":194,"column":4},"end":{"line":194,"column":null}},"51":{"start":{"line":198,"column":4},"end":{"line":198,"column":null}},"52":{"start":{"line":200,"column":4},"end":{"line":200,"column":null}},"53":{"start":{"line":204,"column":4},"end":{"line":204,"column":null}},"54":{"start":{"line":210,"column":4},"end":{"line":210,"column":null}},"55":{"start":{"line":214,"column":4},"end":{"line":214,"column":null}},"56":{"start":{"line":218,"column":4},"end":{"line":218,"column":null}},"57":{"start":{"line":222,"column":4},"end":{"line":222,"column":null}},"58":{"start":{"line":224,"column":4},"end":{"line":224,"column":null}},"59":{"start":{"line":228,"column":28},"end":{"line":228,"column":null}},"60":{"start":{"line":230,"column":4},"end":{"line":230,"column":null}},"61":{"start":{"line":232,"column":4},"end":{"line":232,"column":null}},"62":{"start":{"line":237,"column":2},"end":{"line":237,"column":null}},"63":{"start":{"line":241,"column":2},"end":{"line":241,"column":null}}},"fnMap":{"0":{"name":"constructor","decl":{"start":{"line":31,"column":2},"end":{"line":31,"column":9}},"loc":{"start":{"line":31,"column":49},"end":{"line":31,"column":null}},"line":31},"1":{"name":"options","decl":{"start":{"line":33,"column":13},"end":{"line":33,"column":35}},"loc":{"start":{"line":33,"column":35},"end":{"line":35,"column":null}},"line":33},"2":{"name":"use","decl":{"start":{"line":37,"column":2},"end":{"line":37,"column":9}},"loc":{"start":{"line":37,"column":37},"end":{"line":47,"column":null}},"line":37},"3":{"name":"init","decl":{"start":{"line":49,"column":2},"end":{"line":49,"column":9}},"loc":{"start":{"line":49,"column":16},"end":{"line":51,"column":null}},"line":49},"4":{"name":"terminate","decl":{"start":{"line":53,"column":2},"end":{"line":53,"column":9}},"loc":{"start":{"line":53,"column":21},"end":{"line":55,"column":null}},"line":53},"5":{"name":"install","decl":{"start":{"line":57,"column":2},"end":{"line":57,"column":9}},"loc":{"start":{"line":57,"column":19},"end":{"line":59,"column":null}},"line":57},"6":{"name":"exec","decl":{"start":{"line":61,"column":15},"end":{"line":61,"column":20}},"loc":{"start":{"line":61,"column":37},"end":{"line":64,"column":null}},"line":61},"7":{"name":"git","decl":{"start":{"line":66,"column":15},"end":{"line":66,"column":21}},"loc":{"start":{"line":66,"column":21},"end":{"line":71,"column":null}},"line":66},"8":{"name":"updatePackageJson","decl":{"start":{"line":73,"column":2},"end":{"line":73,"column":9}},"loc":{"start":{"line":73,"column":29},"end":{"line":80,"column":null}},"line":73},"9":{"name":"configureDatabaseEnv","decl":{"start":{"line":88,"column":2},"end":{"line":88,"column":9}},"loc":{"start":{"line":88,"column":51},"end":{"line":109,"column":null}},"line":88},"10":{"name":"installFeatures","decl":{"start":{"line":122,"column":15},"end":{"line":122,"column":31}},"loc":{"start":{"line":122,"column":51},"end":{"line":126,"column":null}},"line":122},"11":{"name":"package","decl":{"start":{"line":131,"column":13},"end":{"line":131,"column":23}},"loc":{"start":{"line":131,"column":23},"end":{"line":133,"column":null}},"line":131},"12":{"name":"updateDotEnv","decl":{"start":{"line":135,"column":2},"end":{"line":135,"column":9}},"loc":{"start":{"line":135,"column":24},"end":{"line":139,"column":null}},"line":135},"13":{"name":"env","decl":{"start":{"line":144,"column":13},"end":{"line":144,"column":19}},"loc":{"start":{"line":144,"column":19},"end":{"line":146,"column":null}},"line":144},"14":{"name":"name","decl":{"start":{"line":148,"column":13},"end":{"line":148,"column":20}},"loc":{"start":{"line":148,"column":20},"end":{"line":150,"column":null}},"line":148},"15":{"name":"path","decl":{"start":{"line":152,"column":13},"end":{"line":152,"column":20}},"loc":{"start":{"line":152,"column":20},"end":{"line":154,"column":null}},"line":152},"16":{"name":"file","decl":{"start":{"line":156,"column":2},"end":{"line":156,"column":9}},"loc":{"start":{"line":156,"column":36},"end":{"line":164,"column":null}},"line":156},"17":{"name":"json","decl":{"start":{"line":166,"column":2},"end":{"line":166,"column":9}},"loc":{"start":{"line":166,"column":53},"end":{"line":174,"column":null}},"line":166},"18":{"name":"app","decl":{"start":{"line":177,"column":16},"end":{"line":177,"column":20}},"loc":{"start":{"line":177,"column":38},"end":{"line":179,"column":null}},"line":177},"19":{"name":"constructor","decl":{"start":{"line":183,"column":2},"end":{"line":183,"column":9}},"loc":{"start":{"line":183,"column":49},"end":{"line":185,"column":null}},"line":183},"20":{"name":"parseContent","decl":{"start":{"line":187,"column":2},"end":{"line":187,"column":12}},"loc":{"start":{"line":187,"column":27},"end":{"line":189,"column":null}},"line":187},"21":{"name":"replace","decl":{"start":{"line":191,"column":2},"end":{"line":191,"column":9}},"loc":{"start":{"line":191,"column":50},"end":{"line":195,"column":null}},"line":191},"22":{"name":"replaceAll","decl":{"start":{"line":197,"column":2},"end":{"line":197,"column":9}},"loc":{"start":{"line":197,"column":53},"end":{"line":201,"column":null}},"line":197},"23":{"name":"save","decl":{"start":{"line":203,"column":2},"end":{"line":203,"column":9}},"loc":{"start":{"line":203,"column":16},"end":{"line":205,"column":null}},"line":203},"24":{"name":"parseContent","decl":{"start":{"line":209,"column":2},"end":{"line":209,"column":12}},"loc":{"start":{"line":209,"column":27},"end":{"line":211,"column":null}},"line":209},"25":{"name":"save","decl":{"start":{"line":213,"column":2},"end":{"line":213,"column":9}},"loc":{"start":{"line":213,"column":16},"end":{"line":215,"column":null}},"line":213},"26":{"name":"has","decl":{"start":{"line":217,"column":2},"end":{"line":217,"column":9}},"loc":{"start":{"line":217,"column":26},"end":{"line":219,"column":null}},"line":217},"27":{"name":"replace","decl":{"start":{"line":221,"column":2},"end":{"line":221,"column":9}},"loc":{"start":{"line":221,"column":42},"end":{"line":225,"column":null}},"line":221},"28":{"name":"replaceAll","decl":{"start":{"line":227,"column":2},"end":{"line":227,"column":9}},"loc":{"start":{"line":227,"column":45},"end":{"line":233,"column":null}},"line":227},"29":{"name":"file","decl":{"start":{"line":236,"column":16},"end":{"line":236,"column":21}},"loc":{"start":{"line":236,"column":35},"end":{"line":238,"column":null}},"line":236},"30":{"name":"jsonFile","decl":{"start":{"line":240,"column":16},"end":{"line":240,"column":25}},"loc":{"start":{"line":240,"column":39},"end":{"line":242,"column":null}},"line":240}},"branchMap":{"0":{"loc":{"start":{"line":40,"column":4},"end":{"line":42,"column":null}},"type":"if","locations":[{"start":{"line":40,"column":4},"end":{"line":42,"column":null}},{"start":{},"end":{}}],"line":40},"1":{"loc":{"start":{"line":91,"column":4},"end":{"line":91,"column":null}},"type":"if","locations":[{"start":{"line":91,"column":4},"end":{"line":91,"column":null}},{"start":{},"end":{}}],"line":91},"2":{"loc":{"start":{"line":97,"column":4},"end":{"line":104,"column":null}},"type":"if","locations":[{"start":{"line":97,"column":4},"end":{"line":104,"column":null}},{"start":{"line":99,"column":11},"end":{"line":104,"column":null}}],"line":97},"3":{"loc":{"start":{"line":123,"column":4},"end":{"line":123,"column":null}},"type":"if","locations":[{"start":{"line":123,"column":4},"end":{"line":123,"column":null}},{"start":{},"end":{}}],"line":123},"4":{"loc":{"start":{"line":159,"column":4},"end":{"line":161,"column":null}},"type":"if","locations":[{"start":{"line":159,"column":4},"end":{"line":161,"column":null}},{"start":{},"end":{}}],"line":159},"5":{"loc":{"start":{"line":169,"column":4},"end":{"line":171,"column":null}},"type":"if","locations":[{"start":{"line":169,"column":4},"end":{"line":171,"column":null}},{"start":{},"end":{}}],"line":169}},"s":{"0":46,"1":46,"2":46,"3":46,"4":30,"5":18,"6":18,"7":18,"8":18,"9":18,"10":1,"11":2,"12":3,"13":3,"14":1,"15":1,"16":5,"17":5,"18":10,"19":10,"20":1,"21":9,"22":9,"23":9,"24":2,"25":7,"26":9,"27":9,"28":2,"29":1,"30":1,"31":7,"32":6,"33":6,"34":0,"35":14,"36":151,"37":8,"38":8,"39":7,"40":8,"41":9,"42":9,"43":7,"44":9,"45":1,"46":25,"47":25,"48":12,"49":1,"50":1,"51":7,"52":7,"53":8,"54":13,"55":7,"56":5,"57":6,"58":6,"59":6,"60":6,"61":6,"62":12,"63":13},"f":{"0":46,"1":30,"2":18,"3":1,"4":0,"5":2,"6":3,"7":1,"8":5,"9":10,"10":2,"11":7,"12":6,"13":0,"14":14,"15":151,"16":8,"17":9,"18":1,"19":25,"20":12,"21":1,"22":7,"23":8,"24":13,"25":7,"26":5,"27":6,"28":6,"29":12,"30":13},"b":{"0":[18,0],"1":[1,9],"2":[2,7],"3":[1,1],"4":[7,1],"5":[7,2]},"meta":{"lastBranch":6,"lastFunction":31,"lastStatement":64,"seen":{"f:31:2:31:9":0,"s:31:31:31:49":0,"s:22:49:22:Infinity":1,"s:27:57:27:Infinity":2,"s:29:23:29:Infinity":3,"f:33:13:33:35":1,"s:34:4:34:Infinity":4,"f:37:2:37:9":2,"s:38:4:38:Infinity":5,"b:40:4:42:Infinity:undefined:undefined:undefined:undefined":0,"s:40:4:42:Infinity":6,"s:41:6:41:Infinity":7,"s:44:4:44:Infinity":8,"s:46:4:46:Infinity":9,"f:49:2:49:9":3,"s:50:4:50:Infinity":10,"f:53:2:53:9":4,"f:57:2:57:9":5,"s:58:4:58:Infinity":11,"f:61:15:61:20":6,"s:62:42:62:Infinity":12,"s:63:4:63:Infinity":13,"f:66:15:66:21":7,"s:67:40:68:Infinity":14,"s:70:4:70:Infinity":15,"f:73:2:73:9":8,"s:74:4:77:Infinity":16,"s:79:4:79:Infinity":17,"f:88:2:88:9":9,"s:89:10:89:Infinity":18,"b:91:4:91:Infinity:undefined:undefined:undefined:undefined":1,"s:91:4:91:Infinity":19,"s:91:17:91:Infinity":20,"s:93:8:93:Infinity":21,"s:95:4:95:Infinity":22,"b:97:4:104:Infinity:99:11:104:Infinity":2,"s:97:4:104:Infinity":23,"s:98:6:98:Infinity":24,"s:100:6:103:Infinity":25,"s:106:4:106:Infinity":26,"s:108:4:108:Infinity":27,"f:122:15:122:31":10,"b:123:4:123:Infinity:undefined:undefined:undefined:undefined":3,"s:123:4:123:Infinity":28,"s:123:31:123:Infinity":29,"s:125:4:125:Infinity":30,"f:131:13:131:23":11,"s:132:4:132:Infinity":31,"f:135:2:135:9":12,"s:136:4:136:Infinity":32,"s:138:4:138:Infinity":33,"f:144:13:144:19":13,"s:145:4:145:Infinity":34,"f:148:13:148:20":14,"s:149:4:149:Infinity":35,"f:152:13:152:20":15,"s:153:4:153:Infinity":36,"f:156:2:156:9":16,"s:157:21:157:Infinity":37,"b:159:4:161:Infinity:undefined:undefined:undefined:undefined":4,"s:159:4:161:Infinity":38,"s:160:6:160:Infinity":39,"s:163:4:163:Infinity":40,"f:166:2:166:9":17,"s:167:21:167:Infinity":41,"b:169:4:171:Infinity:undefined:undefined:undefined:undefined":5,"s:169:4:171:Infinity":42,"s:170:6:170:Infinity":43,"s:173:4:173:Infinity":44,"f:177:16:177:20":18,"s:178:2:178:Infinity":45,"f:183:2:183:9":19,"s:183:31:183:49":46,"s:184:4:184:Infinity":47,"f:187:2:187:12":20,"s:188:4:188:Infinity":48,"f:191:2:191:9":21,"s:192:4:192:Infinity":49,"s:194:4:194:Infinity":50,"f:197:2:197:9":22,"s:198:4:198:Infinity":51,"s:200:4:200:Infinity":52,"f:203:2:203:9":23,"s:204:4:204:Infinity":53,"f:209:2:209:12":24,"s:210:4:210:Infinity":54,"f:213:2:213:9":25,"s:214:4:214:Infinity":55,"f:217:2:217:9":26,"s:218:4:218:Infinity":56,"f:221:2:221:9":27,"s:222:4:222:Infinity":57,"s:224:4:224:Infinity":58,"f:227:2:227:9":28,"s:228:28:228:Infinity":59,"s:230:4:230:Infinity":60,"s:232:4:232:Infinity":61,"f:236:16:236:21":29,"s:237:2:237:Infinity":62,"f:240:16:240:25":30,"s:241:2:241:Infinity":63}}}
,"D:\\xampp\\htdocs\\mongez\\node\\@warlock.js\\create-warlock\\src\\helpers\\exec.ts": {"path":"D:\\xampp\\htdocs\\mongez\\node\\@warlock.js\\create-warlock\\src\\helpers\\exec.ts","statementMap":{"0":{"start":{"line":7,"column":40},"end":{"line":7,"column":null}},"1":{"start":{"line":9,"column":24},"end":{"line":9,"column":null}},"2":{"start":{"line":12,"column":2},"end":{"line":14,"column":null}},"3":{"start":{"line":13,"column":4},"end":{"line":13,"column":null}},"4":{"start":{"line":16,"column":2},"end":{"line":16,"column":null}},"5":{"start":{"line":23,"column":2},"end":{"line":47,"column":null}},"6":{"start":{"line":24,"column":10},"end":{"line":27,"column":null}},"7":{"start":{"line":29,"column":4},"end":{"line":38,"column":null}},"8":{"start":{"line":30,"column":6},"end":{"line":36,"column":null}},"9":{"start":{"line":31,"column":8},"end":{"line":35,"column":null}},"10":{"start":{"line":32,"column":10},"end":{"line":32,"column":null}},"11":{"start":{"line":34,"column":10},"end":{"line":34,"column":null}},"12":{"start":{"line":37,"column":6},"end":{"line":37,"column":null}},"13":{"start":{"line":40,"column":4},"end":{"line":46,"column":null}},"14":{"start":{"line":41,"column":6},"end":{"line":45,"column":null}},"15":{"start":{"line":42,"column":8},"end":{"line":42,"column":null}},"16":{"start":{"line":44,"column":8},"end":{"line":44,"column":null}},"17":{"start":{"line":53,"column":18},"end":{"line":81,"column":null}},"18":{"start":{"line":54,"column":4},"end":{"line":80,"column":null}},"19":{"start":{"line":55,"column":6},"end":{"line":58,"column":null}},"20":{"start":{"line":60,"column":6},"end":{"line":69,"column":null}},"21":{"start":{"line":61,"column":8},"end":{"line":67,"column":null}},"22":{"start":{"line":62,"column":10},"end":{"line":66,"column":null}},"23":{"start":{"line":63,"column":12},"end":{"line":63,"column":null}},"24":{"start":{"line":65,"column":12},"end":{"line":65,"column":null}},"25":{"start":{"line":68,"column":8},"end":{"line":68,"column":null}},"26":{"start":{"line":71,"column":6},"end":{"line":77,"column":null}},"27":{"start":{"line":72,"column":8},"end":{"line":76,"column":null}},"28":{"start":{"line":73,"column":10},"end":{"line":73,"column":null}},"29":{"start":{"line":75,"column":10},"end":{"line":75,"column":null}},"30":{"start":{"line":79,"column":6},"end":{"line":79,"column":null}},"31":{"start":{"line":83,"column":16},"end":{"line":87,"column":null}},"32":{"start":{"line":84,"column":4},"end":{"line":86,"column":null}},"33":{"start":{"line":85,"column":6},"end":{"line":85,"column":null}},"34":{"start":{"line":89,"column":2},"end":{"line":89,"column":null}}},"fnMap":{"0":{"name":"exec","decl":{"start":{"line":6,"column":30},"end":{"line":6,"column":35}},"loc":{"start":{"line":6,"column":71},"end":{"line":17,"column":null}},"line":6},"1":{"name":"executeCommand","decl":{"start":{"line":22,"column":22},"end":{"line":22,"column":37}},"loc":{"start":{"line":22,"column":79},"end":{"line":48,"column":null}},"line":22},"2":{"name":"(anonymous_2)","decl":{"start":{"line":23,"column":13},"end":{"line":23,"column":30}},"loc":{"start":{"line":23,"column":41},"end":{"line":47,"column":3}},"line":23},"3":{"name":"(anonymous_3)","decl":{"start":{"line":29,"column":13},"end":{"line":29,"column":22}},"loc":{"start":{"line":29,"column":27},"end":{"line":38,"column":5}},"line":29},"4":{"name":"(anonymous_4)","decl":{"start":{"line":40,"column":13},"end":{"line":40,"column":22}},"loc":{"start":{"line":40,"column":30},"end":{"line":46,"column":5}},"line":40},"5":{"name":"runCommand","decl":{"start":{"line":50,"column":16},"end":{"line":50,"column":27}},"loc":{"start":{"line":50,"column":69},"end":{"line":90,"column":null}},"line":50},"6":{"name":"(anonymous_6)","decl":{"start":{"line":53,"column":22},"end":{"line":53,"column":39}},"loc":{"start":{"line":53,"column":50},"end":{"line":81,"column":3}},"line":53},"7":{"name":"(anonymous_7)","decl":{"start":{"line":60,"column":15},"end":{"line":60,"column":24}},"loc":{"start":{"line":60,"column":29},"end":{"line":69,"column":7}},"line":60},"8":{"name":"(anonymous_8)","decl":{"start":{"line":71,"column":15},"end":{"line":71,"column":24}},"loc":{"start":{"line":71,"column":32},"end":{"line":77,"column":7}},"line":71},"9":{"name":"(anonymous_9)","decl":{"start":{"line":83,"column":16},"end":{"line":83,"column":28}},"loc":{"start":{"line":83,"column":28},"end":{"line":87,"column":null}},"line":83}},"branchMap":{"0":{"loc":{"start":{"line":6,"column":52},"end":{"line":6,"column":71}},"type":"default-arg","locations":[{"start":{"line":6,"column":67},"end":{"line":6,"column":71}}],"line":6},"1":{"loc":{"start":{"line":12,"column":2},"end":{"line":14,"column":null}},"type":"if","locations":[{"start":{"line":12,"column":2},"end":{"line":14,"column":null}},{"start":{},"end":{}}],"line":12},"2":{"loc":{"start":{"line":30,"column":6},"end":{"line":36,"column":null}},"type":"if","locations":[{"start":{"line":30,"column":6},"end":{"line":36,"column":null}},{"start":{},"end":{}}],"line":30},"3":{"loc":{"start":{"line":31,"column":8},"end":{"line":35,"column":null}},"type":"if","locations":[{"start":{"line":31,"column":8},"end":{"line":35,"column":null}},{"start":{"line":33,"column":15},"end":{"line":35,"column":null}}],"line":31},"4":{"loc":{"start":{"line":41,"column":6},"end":{"line":45,"column":null}},"type":"if","locations":[{"start":{"line":41,"column":6},"end":{"line":45,"column":null}},{"start":{"line":43,"column":13},"end":{"line":45,"column":null}}],"line":41},"5":{"loc":{"start":{"line":61,"column":8},"end":{"line":67,"column":null}},"type":"if","locations":[{"start":{"line":61,"column":8},"end":{"line":67,"column":null}},{"start":{},"end":{}}],"line":61},"6":{"loc":{"start":{"line":62,"column":10},"end":{"line":66,"column":null}},"type":"if","locations":[{"start":{"line":62,"column":10},"end":{"line":66,"column":null}},{"start":{"line":64,"column":17},"end":{"line":66,"column":null}}],"line":62},"7":{"loc":{"start":{"line":72,"column":8},"end":{"line":76,"column":null}},"type":"if","locations":[{"start":{"line":72,"column":8},"end":{"line":76,"column":null}},{"start":{"line":74,"column":15},"end":{"line":76,"column":null}}],"line":72},"8":{"loc":{"start":{"line":84,"column":4},"end":{"line":86,"column":null}},"type":"if","locations":[{"start":{"line":84,"column":4},"end":{"line":86,"column":null}},{"start":{},"end":{}}],"line":84}},"s":{"0":5,"1":5,"2":5,"3":2,"4":3,"5":5,"6":5,"7":5,"8":3,"9":2,"10":1,"11":1,"12":3,"13":5,"14":2,"15":1,"16":1,"17":9,"18":9,"19":9,"20":9,"21":3,"22":2,"23":1,"24":1,"25":3,"26":9,"27":2,"28":1,"29":1,"30":2,"31":9,"32":2,"33":1,"34":9},"f":{"0":5,"1":5,"2":5,"3":3,"4":2,"5":9,"6":9,"7":3,"8":2,"9":2},"b":{"0":[5],"1":[2,3],"2":[2,1],"3":[1,1],"4":[1,1],"5":[2,1],"6":[1,1],"7":[1,1],"8":[1,1]},"meta":{"lastBranch":9,"lastFunction":10,"lastStatement":35,"seen":{"f:6:30:6:35":0,"b:6:67:6:71":0,"s:7:40:7:Infinity":0,"s:9:24:9:Infinity":1,"b:12:2:14:Infinity:undefined:undefined:undefined:undefined":1,"s:12:2:14:Infinity":2,"s:13:4:13:Infinity":3,"s:16:2:16:Infinity":4,"f:22:22:22:37":1,"s:23:2:47:Infinity":5,"f:23:13:23:30":2,"s:24:10:27:Infinity":6,"s:29:4:38:Infinity":7,"f:29:13:29:22":3,"b:30:6:36:Infinity:undefined:undefined:undefined:undefined":2,"s:30:6:36:Infinity":8,"b:31:8:35:Infinity:33:15:35:Infinity":3,"s:31:8:35:Infinity":9,"s:32:10:32:Infinity":10,"s:34:10:34:Infinity":11,"s:37:6:37:Infinity":12,"s:40:4:46:Infinity":13,"f:40:13:40:22":4,"b:41:6:45:Infinity:43:13:45:Infinity":4,"s:41:6:45:Infinity":14,"s:42:8:42:Infinity":15,"s:44:8:44:Infinity":16,"f:50:16:50:27":5,"s:53:18:81:Infinity":17,"f:53:22:53:39":6,"s:54:4:80:Infinity":18,"s:55:6:58:Infinity":19,"s:60:6:69:Infinity":20,"f:60:15:60:24":7,"b:61:8:67:Infinity:undefined:undefined:undefined:undefined":5,"s:61:8:67:Infinity":21,"b:62:10:66:Infinity:64:17:66:Infinity":6,"s:62:10:66:Infinity":22,"s:63:12:63:Infinity":23,"s:65:12:65:Infinity":24,"s:68:8:68:Infinity":25,"s:71:6:77:Infinity":26,"f:71:15:71:24":8,"b:72:8:76:Infinity:74:15:76:Infinity":7,"s:72:8:76:Infinity":27,"s:73:10:73:Infinity":28,"s:75:10:75:Infinity":29,"s:79:6:79:Infinity":30,"s:83:16:87:Infinity":31,"f:83:16:83:28":9,"b:84:4:86:Infinity:undefined:undefined:undefined:undefined":8,"s:84:4:86:Infinity":32,"s:85:6:85:Infinity":33,"s:89:2:89:Infinity":34}}}
,"D:\\xampp\\htdocs\\mongez\\node\\@warlock.js\\create-warlock\\src\\helpers\\package-manager.ts": {"path":"D:\\xampp\\htdocs\\mongez\\node\\@warlock.js\\create-warlock\\src\\helpers\\package-manager.ts","statementMap":{"0":{"start":{"line":5,"column":6},"end":{"line":5,"column":null}},"1":{"start":{"line":12,"column":2},"end":{"line":14,"column":null}},"2":{"start":{"line":13,"column":4},"end":{"line":13,"column":null}},"3":{"start":{"line":16,"column":2},"end":{"line":16,"column":null}},"4":{"start":{"line":23,"column":2},"end":{"line":28,"column":null}},"5":{"start":{"line":24,"column":4},"end":{"line":24,"column":null}},"6":{"start":{"line":25,"column":4},"end":{"line":25,"column":null}},"7":{"start":{"line":27,"column":4},"end":{"line":27,"column":null}},"8":{"start":{"line":35,"column":2},"end":{"line":40,"column":null}},"9":{"start":{"line":36,"column":4},"end":{"line":36,"column":null}},"10":{"start":{"line":37,"column":4},"end":{"line":37,"column":null}},"11":{"start":{"line":39,"column":4},"end":{"line":39,"column":null}},"12":{"start":{"line":47,"column":19},"end":{"line":47,"column":null}},"13":{"start":{"line":48,"column":17},"end":{"line":48,"column":null}},"14":{"start":{"line":50,"column":29},"end":{"line":50,"column":null}},"15":{"start":{"line":52,"column":2},"end":{"line":52,"column":null}},"16":{"start":{"line":52,"column":15},"end":{"line":52,"column":null}},"17":{"start":{"line":53,"column":2},"end":{"line":53,"column":null}},"18":{"start":{"line":53,"column":15},"end":{"line":53,"column":null}},"19":{"start":{"line":55,"column":2},"end":{"line":55,"column":null}},"20":{"start":{"line":58,"column":8},"end":{"line":58,"column":null}},"21":{"start":{"line":59,"column":2},"end":{"line":67,"column":null}},"22":{"start":{"line":60,"column":4},"end":{"line":60,"column":null}},"23":{"start":{"line":61,"column":9},"end":{"line":67,"column":null}},"24":{"start":{"line":62,"column":4},"end":{"line":62,"column":null}},"25":{"start":{"line":63,"column":9},"end":{"line":67,"column":null}},"26":{"start":{"line":64,"column":4},"end":{"line":64,"column":null}},"27":{"start":{"line":66,"column":4},"end":{"line":66,"column":null}},"28":{"start":{"line":74,"column":2},"end":{"line":74,"column":null}},"29":{"start":{"line":74,"column":28},"end":{"line":74,"column":null}},"30":{"start":{"line":76,"column":19},"end":{"line":76,"column":null}},"31":{"start":{"line":78,"column":2},"end":{"line":80,"column":null}},"32":{"start":{"line":79,"column":4},"end":{"line":79,"column":null}},"33":{"start":{"line":82,"column":2},"end":{"line":84,"column":null}},"34":{"start":{"line":83,"column":4},"end":{"line":83,"column":null}},"35":{"start":{"line":86,"column":2},"end":{"line":86,"column":null}},"36":{"start":{"line":93,"column":2},"end":{"line":93,"column":null}},"37":{"start":{"line":93,"column":30},"end":{"line":93,"column":null}},"38":{"start":{"line":96,"column":8},"end":{"line":96,"column":null}},"39":{"start":{"line":97,"column":2},"end":{"line":97,"column":null}},"40":{"start":{"line":97,"column":40},"end":{"line":97,"column":null}},"41":{"start":{"line":100,"column":2},"end":{"line":100,"column":null}},"42":{"start":{"line":100,"column":27},"end":{"line":100,"column":null}},"43":{"start":{"line":103,"column":2},"end":{"line":103,"column":null}},"44":{"start":{"line":103,"column":27},"end":{"line":103,"column":null}},"45":{"start":{"line":106,"column":2},"end":{"line":106,"column":null}},"46":{"start":{"line":110,"column":2},"end":{"line":110,"column":null}},"47":{"start":{"line":114,"column":2},"end":{"line":114,"column":null}},"48":{"start":{"line":118,"column":2},"end":{"line":118,"column":null}},"49":{"start":{"line":118,"column":37},"end":{"line":118,"column":null}},"50":{"start":{"line":120,"column":2},"end":{"line":120,"column":null}},"51":{"start":{"line":124,"column":25},"end":{"line":124,"column":null}},"52":{"start":{"line":126,"column":2},"end":{"line":126,"column":null}},"53":{"start":{"line":126,"column":32},"end":{"line":126,"column":null}},"54":{"start":{"line":128,"column":2},"end":{"line":128,"column":null}}},"fnMap":{"0":{"name":"getPackageManager","decl":{"start":{"line":11,"column":16},"end":{"line":11,"column":36}},"loc":{"start":{"line":11,"column":36},"end":{"line":17,"column":null}},"line":11},"1":{"name":"isInstalled","decl":{"start":{"line":22,"column":9},"end":{"line":22,"column":21}},"loc":{"start":{"line":22,"column":47},"end":{"line":29,"column":null}},"line":22},"2":{"name":"checkManager","decl":{"start":{"line":34,"column":15},"end":{"line":34,"column":28}},"loc":{"start":{"line":34,"column":63},"end":{"line":41,"column":null}},"line":34},"3":{"name":"detectPackageManagers","decl":{"start":{"line":46,"column":22},"end":{"line":46,"column":46}},"loc":{"start":{"line":46,"column":46},"end":{"line":68,"column":null}},"line":46},"4":{"name":"getSystemPackageManagers","decl":{"start":{"line":73,"column":16},"end":{"line":73,"column":53}},"loc":{"start":{"line":73,"column":53},"end":{"line":87,"column":null}},"line":73},"5":{"name":"getPreferredPackageManager","decl":{"start":{"line":92,"column":16},"end":{"line":92,"column":53}},"loc":{"start":{"line":92,"column":53},"end":{"line":107,"column":null}},"line":92},"6":{"name":"setPackageManager","decl":{"start":{"line":109,"column":16},"end":{"line":109,"column":34}},"loc":{"start":{"line":109,"column":58},"end":{"line":111,"column":null}},"line":109},"7":{"name":"installCommand","decl":{"start":{"line":113,"column":16},"end":{"line":113,"column":33}},"loc":{"start":{"line":113,"column":33},"end":{"line":115,"column":null}},"line":113},"8":{"name":"startCommand","decl":{"start":{"line":117,"column":16},"end":{"line":117,"column":31}},"loc":{"start":{"line":117,"column":31},"end":{"line":121,"column":null}},"line":117},"9":{"name":"runPackageManagerCommand","decl":{"start":{"line":123,"column":16},"end":{"line":123,"column":41}},"loc":{"start":{"line":123,"column":58},"end":{"line":129,"column":null}},"line":123}},"branchMap":{"0":{"loc":{"start":{"line":12,"column":2},"end":{"line":14,"column":null}},"type":"if","locations":[{"start":{"line":12,"column":2},"end":{"line":14,"column":null}},{"start":{},"end":{}}],"line":12},"1":{"loc":{"start":{"line":52,"column":2},"end":{"line":52,"column":null}},"type":"if","locations":[{"start":{"line":52,"column":2},"end":{"line":52,"column":null}},{"start":{},"end":{}}],"line":52},"2":{"loc":{"start":{"line":53,"column":2},"end":{"line":53,"column":null}},"type":"if","locations":[{"start":{"line":53,"column":2},"end":{"line":53,"column":null}},{"start":{},"end":{}}],"line":53},"3":{"loc":{"start":{"line":59,"column":2},"end":{"line":67,"column":null}},"type":"if","locations":[{"start":{"line":59,"column":2},"end":{"line":67,"column":null}},{"start":{"line":61,"column":9},"end":{"line":67,"column":null}}],"line":59},"4":{"loc":{"start":{"line":59,"column":6},"end":{"line":59,"column":40}},"type":"binary-expr","locations":[{"start":{"line":59,"column":6},"end":{"line":59,"column":19}},{"start":{"line":59,"column":19},"end":{"line":59,"column":40}}],"line":59},"5":{"loc":{"start":{"line":61,"column":9},"end":{"line":67,"column":null}},"type":"if","locations":[{"start":{"line":61,"column":9},"end":{"line":67,"column":null}},{"start":{"line":63,"column":9},"end":{"line":67,"column":null}}],"line":61},"6":{"loc":{"start":{"line":63,"column":9},"end":{"line":67,"column":null}},"type":"if","locations":[{"start":{"line":63,"column":9},"end":{"line":67,"column":null}},{"start":{"line":65,"column":9},"end":{"line":67,"column":null}}],"line":63},"7":{"loc":{"start":{"line":74,"column":2},"end":{"line":74,"column":null}},"type":"if","locations":[{"start":{"line":74,"column":2},"end":{"line":74,"column":null}},{"start":{},"end":{}}],"line":74},"8":{"loc":{"start":{"line":78,"column":2},"end":{"line":80,"column":null}},"type":"if","locations":[{"start":{"line":78,"column":2},"end":{"line":80,"column":null}},{"start":{},"end":{}}],"line":78},"9":{"loc":{"start":{"line":82,"column":2},"end":{"line":84,"column":null}},"type":"if","locations":[{"start":{"line":82,"column":2},"end":{"line":84,"column":null}},{"start":{},"end":{}}],"line":82},"10":{"loc":{"start":{"line":93,"column":2},"end":{"line":93,"column":null}},"type":"if","locations":[{"start":{"line":93,"column":2},"end":{"line":93,"column":null}},{"start":{},"end":{}}],"line":93},"11":{"loc":{"start":{"line":97,"column":2},"end":{"line":97,"column":null}},"type":"if","locations":[{"start":{"line":97,"column":2},"end":{"line":97,"column":null}},{"start":{},"end":{}}],"line":97},"12":{"loc":{"start":{"line":97,"column":6},"end":{"line":97,"column":40}},"type":"binary-expr","locations":[{"start":{"line":97,"column":6},"end":{"line":97,"column":19}},{"start":{"line":97,"column":19},"end":{"line":97,"column":40}}],"line":97},"13":{"loc":{"start":{"line":100,"column":2},"end":{"line":100,"column":null}},"type":"if","locations":[{"start":{"line":100,"column":2},"end":{"line":100,"column":null}},{"start":{},"end":{}}],"line":100},"14":{"loc":{"start":{"line":103,"column":2},"end":{"line":103,"column":null}},"type":"if","locations":[{"start":{"line":103,"column":2},"end":{"line":103,"column":null}},{"start":{},"end":{}}],"line":103},"15":{"loc":{"start":{"line":118,"column":2},"end":{"line":118,"column":null}},"type":"if","locations":[{"start":{"line":118,"column":2},"end":{"line":118,"column":null}},{"start":{},"end":{}}],"line":118},"16":{"loc":{"start":{"line":126,"column":2},"end":{"line":126,"column":null}},"type":"if","locations":[{"start":{"line":126,"column":2},"end":{"line":126,"column":null}},{"start":{},"end":{}}],"line":126}},"s":{"0":19,"1":17,"2":16,"3":1,"4":12,"5":12,"6":12,"7":6,"8":12,"9":12,"10":7,"11":5,"12":6,"13":6,"14":6,"15":6,"16":4,"17":6,"18":3,"19":6,"20":6,"21":6,"22":1,"23":5,"24":3,"25":2,"26":1,"27":1,"28":7,"29":4,"30":3,"31":3,"32":2,"33":3,"34":1,"35":3,"36":10,"37":5,"38":5,"39":10,"40":1,"41":4,"42":4,"43":2,"44":1,"45":1,"46":28,"47":2,"48":3,"49":1,"50":2,"51":3,"52":3,"53":1,"54":2},"f":{"0":17,"1":12,"2":12,"3":6,"4":7,"5":10,"6":28,"7":2,"8":3,"9":3},"b":{"0":[16,1],"1":[4,2],"2":[3,3],"3":[1,5],"4":[6,2],"5":[3,2],"6":[1,1],"7":[4,3],"8":[2,1],"9":[1,2],"10":[5,5],"11":[1,9],"12":[10,2],"13":[2,2],"14":[1,1],"15":[1,2],"16":[1,2]},"meta":{"lastBranch":17,"lastFunction":10,"lastStatement":55,"seen":{"s:5:6:5:Infinity":0,"f:11:16:11:36":0,"b:12:2:14:Infinity:undefined:undefined:undefined:undefined":0,"s:12:2:14:Infinity":1,"s:13:4:13:Infinity":2,"s:16:2:16:Infinity":3,"f:22:9:22:21":1,"s:23:2:28:Infinity":4,"s:24:4:24:Infinity":5,"s:25:4:25:Infinity":6,"s:27:4:27:Infinity":7,"f:34:15:34:28":2,"s:35:2:40:Infinity":8,"s:36:4:36:Infinity":9,"s:37:4:37:Infinity":10,"s:39:4:39:Infinity":11,"f:46:22:46:46":3,"s:47:19:47:Infinity":12,"s:48:17:48:Infinity":13,"s:50:29:50:Infinity":14,"b:52:2:52:Infinity:undefined:undefined:undefined:undefined":1,"s:52:2:52:Infinity":15,"s:52:15:52:Infinity":16,"b:53:2:53:Infinity:undefined:undefined:undefined:undefined":2,"s:53:2:53:Infinity":17,"s:53:15:53:Infinity":18,"s:55:2:55:Infinity":19,"s:58:8:58:Infinity":20,"b:59:2:67:Infinity:61:9:67:Infinity":3,"s:59:2:67:Infinity":21,"b:59:6:59:19:59:19:59:40":4,"s:60:4:60:Infinity":22,"b:61:9:67:Infinity:63:9:67:Infinity":5,"s:61:9:67:Infinity":23,"s:62:4:62:Infinity":24,"b:63:9:67:Infinity:65:9:67:Infinity":6,"s:63:9:67:Infinity":25,"s:64:4:64:Infinity":26,"s:66:4:66:Infinity":27,"f:73:16:73:53":4,"b:74:2:74:Infinity:undefined:undefined:undefined:undefined":7,"s:74:2:74:Infinity":28,"s:74:28:74:Infinity":29,"s:76:19:76:Infinity":30,"b:78:2:80:Infinity:undefined:undefined:undefined:undefined":8,"s:78:2:80:Infinity":31,"s:79:4:79:Infinity":32,"b:82:2:84:Infinity:undefined:undefined:undefined:undefined":9,"s:82:2:84:Infinity":33,"s:83:4:83:Infinity":34,"s:86:2:86:Infinity":35,"f:92:16:92:53":5,"b:93:2:93:Infinity:undefined:undefined:undefined:undefined":10,"s:93:2:93:Infinity":36,"s:93:30:93:Infinity":37,"s:96:8:96:Infinity":38,"b:97:2:97:Infinity:undefined:undefined:undefined:undefined":11,"s:97:2:97:Infinity":39,"b:97:6:97:19:97:19:97:40":12,"s:97:40:97:Infinity":40,"b:100:2:100:Infinity:undefined:undefined:undefined:undefined":13,"s:100:2:100:Infinity":41,"s:100:27:100:Infinity":42,"b:103:2:103:Infinity:undefined:undefined:undefined:undefined":14,"s:103:2:103:Infinity":43,"s:103:27:103:Infinity":44,"s:106:2:106:Infinity":45,"f:109:16:109:34":6,"s:110:2:110:Infinity":46,"f:113:16:113:33":7,"s:114:2:114:Infinity":47,"f:117:16:117:31":8,"b:118:2:118:Infinity:undefined:undefined:undefined:undefined":15,"s:118:2:118:Infinity":48,"s:118:37:118:Infinity":49,"s:120:2:120:Infinity":50,"f:123:16:123:41":9,"s:124:25:124:Infinity":51,"b:126:2:126:Infinity:undefined:undefined:undefined:undefined":16,"s:126:2:126:Infinity":52,"s:126:32:126:Infinity":53,"s:128:2:128:Infinity":54}}}
,"D:\\xampp\\htdocs\\mongez\\node\\@warlock.js\\create-warlock\\src\\helpers\\paths.ts": {"path":"D:\\xampp\\htdocs\\mongez\\node\\@warlock.js\\create-warlock\\src\\helpers\\paths.ts","statementMap":{"0":{"start":{"line":4,"column":6},"end":{"line":4,"column":null}},"1":{"start":{"line":6,"column":18},"end":{"line":6,"column":null}},"2":{"start":{"line":11,"column":2},"end":{"line":11,"column":null}},"3":{"start":{"line":15,"column":2},"end":{"line":15,"column":null}}},"fnMap":{"0":{"name":"template","decl":{"start":{"line":10,"column":16},"end":{"line":10,"column":25}},"loc":{"start":{"line":10,"column":57},"end":{"line":12,"column":null}},"line":10},"1":{"name":"packageRoot","decl":{"start":{"line":14,"column":16},"end":{"line":14,"column":28}},"loc":{"start":{"line":14,"column":56},"end":{"line":16,"column":null}},"line":14}},"branchMap":{},"s":{"0":3,"1":3,"2":18,"3":29},"f":{"0":18,"1":29},"b":{},"meta":{"lastBranch":0,"lastFunction":2,"lastStatement":4,"seen":{"s:4:6:4:Infinity":0,"s:6:18:6:Infinity":1,"f:10:16:10:25":0,"s:11:2:11:Infinity":2,"f:14:16:14:28":1,"s:15:2:15:Infinity":3}}}
,"D:\\xampp\\htdocs\\mongez\\node\\@warlock.js\\create-warlock\\src\\ui\\banner.ts": {"path":"D:\\xampp\\htdocs\\mongez\\node\\@warlock.js\\create-warlock\\src\\ui\\banner.ts","statementMap":{"0":{"start":{"line":3,"column":31},"end":{"line":3,"column":null}},"1":{"start":{"line":14,"column":31},"end":{"line":14,"column":null}},"2":{"start":{"line":44,"column":22},"end":{"line":44,"column":null}},"3":{"start":{"line":45,"column":21},"end":{"line":45,"column":null}},"4":{"start":{"line":46,"column":18},"end":{"line":46,"column":null}},"5":{"start":{"line":48,"column":2},"end":{"line":56,"column":null}},"6":{"start":{"line":64,"column":2},"end":{"line":64,"column":null}},"7":{"start":{"line":65,"column":2},"end":{"line":65,"column":null}},"8":{"start":{"line":66,"column":2},"end":{"line":66,"column":null}},"9":{"start":{"line":78,"column":62},"end":{"line":78,"column":null}},"10":{"start":{"line":81,"column":21},"end":{"line":81,"column":null}},"11":{"start":{"line":82,"column":2},"end":{"line":84,"column":null}},"12":{"start":{"line":83,"column":4},"end":{"line":83,"column":null}},"13":{"start":{"line":87,"column":26},"end":{"line":87,"column":null}},"14":{"start":{"line":88,"column":18},"end":{"line":88,"column":null}},"15":{"start":{"line":90,"column":25},"end":{"line":90,"column":null}},"16":{"start":{"line":91,"column":20},"end":{"line":91,"column":null}},"17":{"start":{"line":92,"column":26},"end":{"line":92,"column":null}},"18":{"start":{"line":96,"column":27},"end":{"line":101,"column":null}},"19":{"start":{"line":102,"column":19},"end":{"line":102,"column":null}},"20":{"start":{"line":105,"column":8},"end":{"line":106,"column":null}},"21":{"start":{"line":106,"column":4},"end":{"line":106,"column":null}},"22":{"start":{"line":109,"column":8},"end":{"line":130,"column":null}},"23":{"start":{"line":110,"column":10},"end":{"line":113,"column":null}},"24":{"start":{"line":111,"column":6},"end":{"line":111,"column":null}},"25":{"start":{"line":111,"column":40},"end":{"line":111,"column":null}},"26":{"start":{"line":112,"column":6},"end":{"line":112,"column":null}},"27":{"start":{"line":115,"column":22},"end":{"line":115,"column":null}},"28":{"start":{"line":116,"column":22},"end":{"line":116,"column":null}},"29":{"start":{"line":119,"column":33},"end":{"line":119,"column":null}},"30":{"start":{"line":120,"column":22},"end":{"line":120,"column":null}},"31":{"start":{"line":122,"column":4},"end":{"line":128,"column":null}},"32":{"start":{"line":133,"column":4},"end":{"line":135,"column":null}},"33":{"start":{"line":137,"column":21},"end":{"line":137,"column":null}},"34":{"start":{"line":138,"column":24},"end":{"line":138,"column":null}},"35":{"start":{"line":140,"column":4},"end":{"line":144,"column":null}},"36":{"start":{"line":147,"column":4},"end":{"line":147,"column":null}},"37":{"start":{"line":149,"column":2},"end":{"line":169,"column":null}},"38":{"start":{"line":182,"column":2},"end":{"line":182,"column":null}}},"fnMap":{"0":{"name":"getIntroBanner","decl":{"start":{"line":43,"column":16},"end":{"line":43,"column":31}},"loc":{"start":{"line":43,"column":56},"end":{"line":58,"column":null}},"line":43},"1":{"name":"showIntroBanner","decl":{"start":{"line":63,"column":16},"end":{"line":63,"column":32}},"loc":{"start":{"line":63,"column":55},"end":{"line":67,"column":null}},"line":63},"2":{"name":"getSuccessScreen","decl":{"start":{"line":72,"column":16},"end":{"line":72,"column":33}},"loc":{"start":{"line":77,"column":11},"end":{"line":171,"column":null}},"line":77},"3":{"name":"(anonymous_3)","decl":{"start":{"line":105,"column":8},"end":{"line":105,"column":24}},"loc":{"start":{"line":106,"column":4},"end":{"line":106,"column":null}},"line":106},"4":{"name":"(anonymous_4)","decl":{"start":{"line":109,"column":8},"end":{"line":109,"column":19}},"loc":{"start":{"line":109,"column":71},"end":{"line":130,"column":null}},"line":109},"5":{"name":"(anonymous_5)","decl":{"start":{"line":110,"column":10},"end":{"line":110,"column":24}},"loc":{"start":{"line":110,"column":41},"end":{"line":113,"column":null}},"line":110},"6":{"name":"showSuccessScreen","decl":{"start":{"line":176,"column":16},"end":{"line":176,"column":34}},"loc":{"start":{"line":181,"column":9},"end":{"line":183,"column":null}},"line":181}},"branchMap":{"0":{"loc":{"start":{"line":82,"column":2},"end":{"line":84,"column":null}},"type":"if","locations":[{"start":{"line":82,"column":2},"end":{"line":84,"column":null}},{"start":{},"end":{}}],"line":82},"1":{"loc":{"start":{"line":109,"column":49},"end":{"line":109,"column":71}},"type":"default-arg","locations":[{"start":{"line":109,"column":61},"end":{"line":109,"column":71}}],"line":109},"2":{"loc":{"start":{"line":111,"column":6},"end":{"line":111,"column":null}},"type":"if","locations":[{"start":{"line":111,"column":6},"end":{"line":111,"column":null}},{"start":{},"end":{}}],"line":111},"3":{"loc":{"start":{"line":111,"column":10},"end":{"line":111,"column":40}},"type":"binary-expr","locations":[{"start":{"line":111,"column":10},"end":{"line":111,"column":23}},{"start":{"line":111,"column":23},"end":{"line":111,"column":40}}],"line":111},"4":{"loc":{"start":{"line":147,"column":4},"end":{"line":147,"column":null}},"type":"cond-expr","locations":[{"start":{"line":147,"column":31},"end":{"line":147,"column":47}},{"start":{"line":147,"column":47},"end":{"line":147,"column":null}}],"line":147}},"s":{"0":2,"1":2,"2":5,"3":5,"4":5,"5":5,"6":1,"7":1,"8":1,"9":10,"10":10,"11":10,"12":5,"13":10,"14":10,"15":10,"16":10,"17":10,"18":10,"19":10,"20":10,"21":20,"22":10,"23":30,"24":30,"25":5,"26":25,"27":30,"28":30,"29":30,"30":30,"31":30,"32":10,"33":10,"34":10,"35":10,"36":10,"37":10,"38":1},"f":{"0":5,"1":1,"2":10,"3":20,"4":30,"5":30,"6":1},"b":{"0":[5,5],"1":[30],"2":[5,25],"3":[30,10],"4":[1,9]},"meta":{"lastBranch":5,"lastFunction":7,"lastStatement":39,"seen":{"s:3:31:3:Infinity":0,"s:14:31:14:Infinity":1,"f:43:16:43:31":0,"s:44:22:44:Infinity":2,"s:45:21:45:Infinity":3,"s:46:18:46:Infinity":4,"s:48:2:56:Infinity":5,"f:63:16:63:32":1,"s:64:2:64:Infinity":6,"s:65:2:65:Infinity":7,"s:66:2:66:Infinity":8,"f:72:16:72:33":2,"s:78:62:78:Infinity":9,"s:81:21:81:Infinity":10,"b:82:2:84:Infinity:undefined:undefined:undefined:undefined":0,"s:82:2:84:Infinity":11,"s:83:4:83:Infinity":12,"s:87:26:87:Infinity":13,"s:88:18:88:Infinity":14,"s:90:25:90:Infinity":15,"s:91:20:91:Infinity":16,"s:92:26:92:Infinity":17,"s:96:27:101:Infinity":18,"s:102:19:102:Infinity":19,"s:105:8:106:Infinity":20,"f:105:8:105:24":3,"s:106:4:106:Infinity":21,"s:109:8:130:Infinity":22,"f:109:8:109:19":4,"b:109:61:109:71":1,"s:110:10:113:Infinity":23,"f:110:10:110:24":5,"b:111:6:111:Infinity:undefined:undefined:undefined:undefined":2,"s:111:6:111:Infinity":24,"b:111:10:111:23:111:23:111:40":3,"s:111:40:111:Infinity":25,"s:112:6:112:Infinity":26,"s:115:22:115:Infinity":27,"s:116:22:116:Infinity":28,"s:119:33:119:Infinity":29,"s:120:22:120:Infinity":30,"s:122:4:128:Infinity":31,"s:133:4:135:Infinity":32,"s:137:21:137:Infinity":33,"s:138:24:138:Infinity":34,"s:140:4:144:Infinity":35,"s:147:4:147:Infinity":36,"b:147:31:147:47:147:47:147:Infinity":4,"s:149:2:169:Infinity":37,"f:176:16:176:34":6,"s:182:2:182:Infinity":38}}}
,"D:\\xampp\\htdocs\\mongez\\node\\@warlock.js\\create-warlock\\src\\ui\\spinners.ts": {"path":"D:\\xampp\\htdocs\\mongez\\node\\@warlock.js\\create-warlock\\src\\ui\\spinners.ts","statementMap":{"0":{"start":{"line":4,"column":31},"end":{"line":23,"column":null}}},"fnMap":{},"branchMap":{},"s":{"0":2},"f":{},"b":{},"meta":{"lastBranch":0,"lastFunction":0,"lastStatement":1,"seen":{"s:4:31:23:Infinity":0}}}
}
